This is pdfTeX, Version 3.1415926-2.5-1.40.14 (TeX Live 2013/Debian) (format=pdflatex 2016.5.1)  2 JUL 2016 17:53
entering extended mode
 restricted \write18 enabled.
 %&-line parsing enabled.
**./relazione_spettroscopia_bragg.tex
(./relazione_spettroscopia_bragg.tex
LaTeX2e <2011/06/27>
Babel <3.9h> and hyphenation patterns for 78 languages loaded.
(/usr/share/texlive/texmf-dist/tex/latex/base/article.cls
Document Class: article 2007/10/19 v1.4h Standard LaTeX document class
(/usr/share/texlive/texmf-dist/tex/latex/base/size11.clo
File: size11.clo 2007/10/19 v1.4h Standard LaTeX file (size option)
)
\c@part=\count79
\c@section=\count80
\c@subsection=\count81
\c@subsubsection=\count82
\c@paragraph=\count83
\c@subparagraph=\count84
\c@figure=\count85
\c@table=\count86
\abovecaptionskip=\skip41
\belowcaptionskip=\skip42
\bibindent=\dimen102
)
(/usr/share/texlive/texmf-dist/tex/generic/iftex/iftex.sty
Package: iftex 2013/04/04 v0.2 Provides if(tex) conditional for PDFTeX, XeTeX, 
and LuaTeX
)
(./preamboli_e_stili/pacchetti.tex
(/usr/share/texlive/texmf-dist/tex/latex/lipsum/lipsum.sty
Package: lipsum 2011/04/14 v1.2 150 paragraphs of Lorem Ipsum dummy text
\c@lips@count=\count87
)
(/usr/share/texmf/tex/latex/tex-gyre/tgpagella.sty
Package: tgpagella 2009/09/27 v1.2 TeX Gyre Pagella as default roman family

(/usr/share/texlive/texmf-dist/tex/latex/oberdiek/kvoptions.sty
Package: kvoptions 2011/06/30 v3.11 Key value format for package options (HO)

(/usr/share/texlive/texmf-dist/tex/latex/graphics/keyval.sty
Package: keyval 1999/03/16 v1.13 key=value parser (DPC)
\KV@toks@=\toks14
)
(/usr/share/texlive/texmf-dist/tex/generic/oberdiek/ltxcmds.sty
Package: ltxcmds 2011/11/09 v1.22 LaTeX kernel commands for general use (HO)
)
(/usr/share/texlive/texmf-dist/tex/generic/oberdiek/kvsetkeys.sty
Package: kvsetkeys 2012/04/25 v1.16 Key value parser (HO)

(/usr/share/texlive/texmf-dist/tex/generic/oberdiek/infwarerr.sty
Package: infwarerr 2010/04/08 v1.3 Providing info/warning/error messages (HO)
)
(/usr/share/texlive/texmf-dist/tex/generic/oberdiek/etexcmds.sty
Package: etexcmds 2011/02/16 v1.5 Avoid name clashes with e-TeX commands (HO)

(/usr/share/texlive/texmf-dist/tex/generic/oberdiek/ifluatex.sty
Package: ifluatex 2010/03/01 v1.3 Provides the ifluatex switch (HO)
Package ifluatex Info: LuaTeX not detected.
)
Package etexcmds Info: Could not find \expanded.
(etexcmds)             That can mean that you are not using pdfTeX 1.50 or
(etexcmds)             that some package has redefined \expanded.
(etexcmds)             In the latter case, load this package earlier.
))))
(/usr/share/texlive/texmf-dist/tex/latex/base/textcomp.sty
Package: textcomp 2005/09/27 v1.99g Standard LaTeX package
Package textcomp Info: Sub-encoding information:
(textcomp)               5 = only ISO-Adobe without \textcurrency
(textcomp)               4 = 5 + \texteuro
(textcomp)               3 = 4 + \textohm
(textcomp)               2 = 3 + \textestimated + \textcurrency
(textcomp)               1 = TS1 - \textcircled - \t
(textcomp)               0 = TS1 (full)
(textcomp)             Font families with sub-encoding setting implement
(textcomp)             only a restricted character set as indicated.
(textcomp)             Family '?' is the default used for unknown fonts.
(textcomp)             See the documentation for details.
Package textcomp Info: Setting ? sub-encoding to TS1/1 on input line 71.

(/usr/share/texlive/texmf-dist/tex/latex/base/ts1enc.def
File: ts1enc.def 2001/06/05 v3.0e (jk/car/fm) Standard LaTeX file
)
LaTeX Info: Redefining \oldstylenums on input line 266.
Package textcomp Info: Setting cmr sub-encoding to TS1/0 on input line 281.
Package textcomp Info: Setting cmss sub-encoding to TS1/0 on input line 282.
Package textcomp Info: Setting cmtt sub-encoding to TS1/0 on input line 283.
Package textcomp Info: Setting cmvtt sub-encoding to TS1/0 on input line 284.
Package textcomp Info: Setting cmbr sub-encoding to TS1/0 on input line 285.
Package textcomp Info: Setting cmtl sub-encoding to TS1/0 on input line 286.
Package textcomp Info: Setting ccr sub-encoding to TS1/0 on input line 287.
Package textcomp Info: Setting ptm sub-encoding to TS1/4 on input line 288.
Package textcomp Info: Setting pcr sub-encoding to TS1/4 on input line 289.
Package textcomp Info: Setting phv sub-encoding to TS1/4 on input line 290.
Package textcomp Info: Setting ppl sub-encoding to TS1/3 on input line 291.
Package textcomp Info: Setting pag sub-encoding to TS1/4 on input line 292.
Package textcomp Info: Setting pbk sub-encoding to TS1/4 on input line 293.
Package textcomp Info: Setting pnc sub-encoding to TS1/4 on input line 294.
Package textcomp Info: Setting pzc sub-encoding to TS1/4 on input line 295.
Package textcomp Info: Setting bch sub-encoding to TS1/4 on input line 296.
Package textcomp Info: Setting put sub-encoding to TS1/5 on input line 297.
Package textcomp Info: Setting uag sub-encoding to TS1/5 on input line 298.
Package textcomp Info: Setting ugq sub-encoding to TS1/5 on input line 299.
Package textcomp Info: Setting ul8 sub-encoding to TS1/4 on input line 300.
Package textcomp Info: Setting ul9 sub-encoding to TS1/4 on input line 301.
Package textcomp Info: Setting augie sub-encoding to TS1/5 on input line 302.
Package textcomp Info: Setting dayrom sub-encoding to TS1/3 on input line 303.
Package textcomp Info: Setting dayroms sub-encoding to TS1/3 on input line 304.

Package textcomp Info: Setting pxr sub-encoding to TS1/0 on input line 305.
Package textcomp Info: Setting pxss sub-encoding to TS1/0 on input line 306.
Package textcomp Info: Setting pxtt sub-encoding to TS1/0 on input line 307.
Package textcomp Info: Setting txr sub-encoding to TS1/0 on input line 308.
Package textcomp Info: Setting txss sub-encoding to TS1/0 on input line 309.
Package textcomp Info: Setting txtt sub-encoding to TS1/0 on input line 310.
Package textcomp Info: Setting lmr sub-encoding to TS1/0 on input line 311.
Package textcomp Info: Setting lmdh sub-encoding to TS1/0 on input line 312.
Package textcomp Info: Setting lmss sub-encoding to TS1/0 on input line 313.
Package textcomp Info: Setting lmssq sub-encoding to TS1/0 on input line 314.
Package textcomp Info: Setting lmvtt sub-encoding to TS1/0 on input line 315.
Package textcomp Info: Setting qhv sub-encoding to TS1/0 on input line 316.
Package textcomp Info: Setting qag sub-encoding to TS1/0 on input line 317.
Package textcomp Info: Setting qbk sub-encoding to TS1/0 on input line 318.
Package textcomp Info: Setting qcr sub-encoding to TS1/0 on input line 319.
Package textcomp Info: Setting qcs sub-encoding to TS1/0 on input line 320.
Package textcomp Info: Setting qpl sub-encoding to TS1/0 on input line 321.
Package textcomp Info: Setting qtm sub-encoding to TS1/0 on input line 322.
Package textcomp Info: Setting qzc sub-encoding to TS1/0 on input line 323.
Package textcomp Info: Setting qhvc sub-encoding to TS1/0 on input line 324.
Package textcomp Info: Setting futs sub-encoding to TS1/4 on input line 325.
Package textcomp Info: Setting futx sub-encoding to TS1/4 on input line 326.
Package textcomp Info: Setting futj sub-encoding to TS1/4 on input line 327.
Package textcomp Info: Setting hlh sub-encoding to TS1/3 on input line 328.
Package textcomp Info: Setting hls sub-encoding to TS1/3 on input line 329.
Package textcomp Info: Setting hlst sub-encoding to TS1/3 on input line 330.
Package textcomp Info: Setting hlct sub-encoding to TS1/5 on input line 331.
Package textcomp Info: Setting hlx sub-encoding to TS1/5 on input line 332.
Package textcomp Info: Setting hlce sub-encoding to TS1/5 on input line 333.
Package textcomp Info: Setting hlcn sub-encoding to TS1/5 on input line 334.
Package textcomp Info: Setting hlcw sub-encoding to TS1/5 on input line 335.
Package textcomp Info: Setting hlcf sub-encoding to TS1/5 on input line 336.
Package textcomp Info: Setting pplx sub-encoding to TS1/3 on input line 337.
Package textcomp Info: Setting pplj sub-encoding to TS1/3 on input line 338.
Package textcomp Info: Setting ptmx sub-encoding to TS1/4 on input line 339.
Package textcomp Info: Setting ptmj sub-encoding to TS1/4 on input line 340.
)
(/usr/share/texlive/texmf-dist/tex/latex/anonymouspro/AnonymousPro.sty
Package: AnonymousPro 2014/01/05 v2.0 Support for AnonymousPro Fonts (AE)
)
(/usr/share/texlive/texmf-dist/tex/latex/alegreya/AlegreyaSans.sty
Package: AlegreyaSans 2014/01/10 (Bob Tennent) Supports AlegreyaSans and Alegre
yaSansSC fonts for all LaTeX engines. 

(/usr/share/texlive/texmf-dist/tex/generic/ifxetex/ifxetex.sty
Package: ifxetex 2010/09/12 v0.6 Provides ifxetex conditional
)
(/usr/share/texlive/texmf-dist/tex/latex/xkeyval/xkeyval.sty
Package: xkeyval 2012/10/14 v2.6b package option processing (HA)

(/usr/share/texlive/texmf-dist/tex/generic/xkeyval/xkeyval.tex
\XKV@toks=\toks15
\XKV@tempa@toks=\toks16
\XKV@depth=\count88
File: xkeyval.tex 2012/10/14 v2.6b key=value parser (HA)
))
(/usr/share/texlive/texmf-dist/tex/latex/base/fontenc.sty
Package: fontenc 2005/09/27 v1.99g Standard LaTeX package
LaTeX Font Info:    Try loading font information for OT1+qpl on input line 100.


(/usr/share/texmf/tex/latex/tex-gyre/ot1qpl.fd
File: ot1qpl.fd 2009/09/25 v1.2 font definition file for OT1/qpl
))
(/usr/share/texlive/texmf-dist/tex/latex/fontaxes/fontaxes.sty
Package: fontaxes 2011/12/16 v1.0c Font selection axes
LaTeX Info: Redefining \upshape on input line 29.
LaTeX Info: Redefining \itshape on input line 31.
LaTeX Info: Redefining \slshape on input line 33.
LaTeX Info: Redefining \scshape on input line 37.
)
(/usr/share/texlive/texmf-dist/tex/latex/mweights/mweights.sty
Package: mweights 2013/07/21 (Bob Tennent) Support package for multiple-weight 
font packages. 
LaTeX Info: Redefining \bfseries on input line 22.
LaTeX Info: Redefining \mdseries on input line 29.
LaTeX Info: Redefining \rmfamily on input line 36.
LaTeX Info: Redefining \sffamily on input line 53.
LaTeX Info: Redefining \ttfamily on input line 70.
))
(/usr/share/texlive/texmf-dist/tex/latex/eulervm/eulervm.sty
Package: eulervm 2005/01/11 v4.0 (WaS)
)
(/usr/share/texlive/texmf-dist/tex/latex/base/fontenc.sty
Package: fontenc 2005/09/27 v1.99g Standard LaTeX package

(/usr/share/texlive/texmf-dist/tex/latex/base/t1enc.def
File: t1enc.def 2005/09/27 v1.99g Standard LaTeX file
LaTeX Font Info:    Redeclaring font encoding T1 on input line 43.
)
LaTeX Font Info:    Try loading font information for T1+qpl on input line 100.

(/usr/share/texmf/tex/latex/tex-gyre/t1qpl.fd
File: t1qpl.fd 2009/09/25 v1.2 font definition file for T1/qpl
))
(/usr/share/texlive/texmf-dist/tex/latex/base/inputenc.sty
Package: inputenc 2008/03/30 v1.1d Input encoding file
\inpenc@prehook=\toks17
\inpenc@posthook=\toks18

(/usr/share/texlive/texmf-dist/tex/latex/base/utf8.def
File: utf8.def 2008/04/05 v1.1m UTF-8 support for inputenc
Now handling font encoding OML ...
... no UTF-8 mapping file for font encoding OML
Now handling font encoding T1 ...
... processing UTF-8 mapping file for font encoding T1

(/usr/share/texlive/texmf-dist/tex/latex/base/t1enc.dfu
File: t1enc.dfu 2008/04/05 v1.1m UTF-8 support for inputenc
   defining Unicode char U+00A1 (decimal 161)
   defining Unicode char U+00A3 (decimal 163)
   defining Unicode char U+00AB (decimal 171)
   defining Unicode char U+00BB (decimal 187)
   defining Unicode char U+00BF (decimal 191)
   defining Unicode char U+00C0 (decimal 192)
   defining Unicode char U+00C1 (decimal 193)
   defining Unicode char U+00C2 (decimal 194)
   defining Unicode char U+00C3 (decimal 195)
   defining Unicode char U+00C4 (decimal 196)
   defining Unicode char U+00C5 (decimal 197)
   defining Unicode char U+00C6 (decimal 198)
   defining Unicode char U+00C7 (decimal 199)
   defining Unicode char U+00C8 (decimal 200)
   defining Unicode char U+00C9 (decimal 201)
   defining Unicode char U+00CA (decimal 202)
   defining Unicode char U+00CB (decimal 203)
   defining Unicode char U+00CC (decimal 204)
   defining Unicode char U+00CD (decimal 205)
   defining Unicode char U+00CE (decimal 206)
   defining Unicode char U+00CF (decimal 207)
   defining Unicode char U+00D0 (decimal 208)
   defining Unicode char U+00D1 (decimal 209)
   defining Unicode char U+00D2 (decimal 210)
   defining Unicode char U+00D3 (decimal 211)
   defining Unicode char U+00D4 (decimal 212)
   defining Unicode char U+00D5 (decimal 213)
   defining Unicode char U+00D6 (decimal 214)
   defining Unicode char U+00D8 (decimal 216)
   defining Unicode char U+00D9 (decimal 217)
   defining Unicode char U+00DA (decimal 218)
   defining Unicode char U+00DB (decimal 219)
   defining Unicode char U+00DC (decimal 220)
   defining Unicode char U+00DD (decimal 221)
   defining Unicode char U+00DE (decimal 222)
   defining Unicode char U+00DF (decimal 223)
   defining Unicode char U+00E0 (decimal 224)
   defining Unicode char U+00E1 (decimal 225)
   defining Unicode char U+00E2 (decimal 226)
   defining Unicode char U+00E3 (decimal 227)
   defining Unicode char U+00E4 (decimal 228)
   defining Unicode char U+00E5 (decimal 229)
   defining Unicode char U+00E6 (decimal 230)
   defining Unicode char U+00E7 (decimal 231)
   defining Unicode char U+00E8 (decimal 232)
   defining Unicode char U+00E9 (decimal 233)
   defining Unicode char U+00EA (decimal 234)
   defining Unicode char U+00EB (decimal 235)
   defining Unicode char U+00EC (decimal 236)
   defining Unicode char U+00ED (decimal 237)
   defining Unicode char U+00EE (decimal 238)
   defining Unicode char U+00EF (decimal 239)
   defining Unicode char U+00F0 (decimal 240)
   defining Unicode char U+00F1 (decimal 241)
   defining Unicode char U+00F2 (decimal 242)
   defining Unicode char U+00F3 (decimal 243)
   defining Unicode char U+00F4 (decimal 244)
   defining Unicode char U+00F5 (decimal 245)
   defining Unicode char U+00F6 (decimal 246)
   defining Unicode char U+00F8 (decimal 248)
   defining Unicode char U+00F9 (decimal 249)
   defining Unicode char U+00FA (decimal 250)
   defining Unicode char U+00FB (decimal 251)
   defining Unicode char U+00FC (decimal 252)
   defining Unicode char U+00FD (decimal 253)
   defining Unicode char U+00FE (decimal 254)
   defining Unicode char U+00FF (decimal 255)
   defining Unicode char U+0102 (decimal 258)
   defining Unicode char U+0103 (decimal 259)
   defining Unicode char U+0104 (decimal 260)
   defining Unicode char U+0105 (decimal 261)
   defining Unicode char U+0106 (decimal 262)
   defining Unicode char U+0107 (decimal 263)
   defining Unicode char U+010C (decimal 268)
   defining Unicode char U+010D (decimal 269)
   defining Unicode char U+010E (decimal 270)
   defining Unicode char U+010F (decimal 271)
   defining Unicode char U+0110 (decimal 272)
   defining Unicode char U+0111 (decimal 273)
   defining Unicode char U+0118 (decimal 280)
   defining Unicode char U+0119 (decimal 281)
   defining Unicode char U+011A (decimal 282)
   defining Unicode char U+011B (decimal 283)
   defining Unicode char U+011E (decimal 286)
   defining Unicode char U+011F (decimal 287)
   defining Unicode char U+0130 (decimal 304)
   defining Unicode char U+0131 (decimal 305)
   defining Unicode char U+0132 (decimal 306)
   defining Unicode char U+0133 (decimal 307)
   defining Unicode char U+0139 (decimal 313)
   defining Unicode char U+013A (decimal 314)
   defining Unicode char U+013D (decimal 317)
   defining Unicode char U+013E (decimal 318)
   defining Unicode char U+0141 (decimal 321)
   defining Unicode char U+0142 (decimal 322)
   defining Unicode char U+0143 (decimal 323)
   defining Unicode char U+0144 (decimal 324)
   defining Unicode char U+0147 (decimal 327)
   defining Unicode char U+0148 (decimal 328)
   defining Unicode char U+014A (decimal 330)
   defining Unicode char U+014B (decimal 331)
   defining Unicode char U+0150 (decimal 336)
   defining Unicode char U+0151 (decimal 337)
   defining Unicode char U+0152 (decimal 338)
   defining Unicode char U+0153 (decimal 339)
   defining Unicode char U+0154 (decimal 340)
   defining Unicode char U+0155 (decimal 341)
   defining Unicode char U+0158 (decimal 344)
   defining Unicode char U+0159 (decimal 345)
   defining Unicode char U+015A (decimal 346)
   defining Unicode char U+015B (decimal 347)
   defining Unicode char U+015E (decimal 350)
   defining Unicode char U+015F (decimal 351)
   defining Unicode char U+0160 (decimal 352)
   defining Unicode char U+0161 (decimal 353)
   defining Unicode char U+0162 (decimal 354)
   defining Unicode char U+0163 (decimal 355)
   defining Unicode char U+0164 (decimal 356)
   defining Unicode char U+0165 (decimal 357)
   defining Unicode char U+016E (decimal 366)
   defining Unicode char U+016F (decimal 367)
   defining Unicode char U+0170 (decimal 368)
   defining Unicode char U+0171 (decimal 369)
   defining Unicode char U+0178 (decimal 376)
   defining Unicode char U+0179 (decimal 377)
   defining Unicode char U+017A (decimal 378)
   defining Unicode char U+017B (decimal 379)
   defining Unicode char U+017C (decimal 380)
   defining Unicode char U+017D (decimal 381)
   defining Unicode char U+017E (decimal 382)
   defining Unicode char U+200C (decimal 8204)
   defining Unicode char U+2013 (decimal 8211)
   defining Unicode char U+2014 (decimal 8212)
   defining Unicode char U+2018 (decimal 8216)
   defining Unicode char U+2019 (decimal 8217)
   defining Unicode char U+201A (decimal 8218)
   defining Unicode char U+201C (decimal 8220)
   defining Unicode char U+201D (decimal 8221)
   defining Unicode char U+201E (decimal 8222)
   defining Unicode char U+2030 (decimal 8240)
   defining Unicode char U+2031 (decimal 8241)
   defining Unicode char U+2039 (decimal 8249)
   defining Unicode char U+203A (decimal 8250)
   defining Unicode char U+2423 (decimal 9251)
)
Now handling font encoding OT1 ...
... processing UTF-8 mapping file for font encoding OT1

(/usr/share/texlive/texmf-dist/tex/latex/base/ot1enc.dfu
File: ot1enc.dfu 2008/04/05 v1.1m UTF-8 support for inputenc
   defining Unicode char U+00A1 (decimal 161)
   defining Unicode char U+00A3 (decimal 163)
   defining Unicode char U+00B8 (decimal 184)
   defining Unicode char U+00BF (decimal 191)
   defining Unicode char U+00C5 (decimal 197)
   defining Unicode char U+00C6 (decimal 198)
   defining Unicode char U+00D8 (decimal 216)
   defining Unicode char U+00DF (decimal 223)
   defining Unicode char U+00E6 (decimal 230)
   defining Unicode char U+00EC (decimal 236)
   defining Unicode char U+00ED (decimal 237)
   defining Unicode char U+00EE (decimal 238)
   defining Unicode char U+00EF (decimal 239)
   defining Unicode char U+00F8 (decimal 248)
   defining Unicode char U+0131 (decimal 305)
   defining Unicode char U+0141 (decimal 321)
   defining Unicode char U+0142 (decimal 322)
   defining Unicode char U+0152 (decimal 338)
   defining Unicode char U+0153 (decimal 339)
   defining Unicode char U+2013 (decimal 8211)
   defining Unicode char U+2014 (decimal 8212)
   defining Unicode char U+2018 (decimal 8216)
   defining Unicode char U+2019 (decimal 8217)
   defining Unicode char U+201C (decimal 8220)
   defining Unicode char U+201D (decimal 8221)
)
Now handling font encoding OMS ...
... processing UTF-8 mapping file for font encoding OMS

(/usr/share/texlive/texmf-dist/tex/latex/base/omsenc.dfu
File: omsenc.dfu 2008/04/05 v1.1m UTF-8 support for inputenc
   defining Unicode char U+00A7 (decimal 167)
   defining Unicode char U+00B6 (decimal 182)
   defining Unicode char U+00B7 (decimal 183)
   defining Unicode char U+2020 (decimal 8224)
   defining Unicode char U+2021 (decimal 8225)
   defining Unicode char U+2022 (decimal 8226)
)
Now handling font encoding OMX ...
... no UTF-8 mapping file for font encoding OMX
Now handling font encoding U ...
... no UTF-8 mapping file for font encoding U
Now handling font encoding TS1 ...
... processing UTF-8 mapping file for font encoding TS1

(/usr/share/texlive/texmf-dist/tex/latex/base/ts1enc.dfu
File: ts1enc.dfu 2008/04/05 v1.1m UTF-8 support for inputenc
   defining Unicode char U+00A2 (decimal 162)
   defining Unicode char U+00A3 (decimal 163)
   defining Unicode char U+00A4 (decimal 164)
   defining Unicode char U+00A5 (decimal 165)
   defining Unicode char U+00A6 (decimal 166)
   defining Unicode char U+00A7 (decimal 167)
   defining Unicode char U+00A8 (decimal 168)
   defining Unicode char U+00A9 (decimal 169)
   defining Unicode char U+00AA (decimal 170)
   defining Unicode char U+00AC (decimal 172)
   defining Unicode char U+00AE (decimal 174)
   defining Unicode char U+00AF (decimal 175)
   defining Unicode char U+00B0 (decimal 176)
   defining Unicode char U+00B1 (decimal 177)
   defining Unicode char U+00B2 (decimal 178)
   defining Unicode char U+00B3 (decimal 179)
   defining Unicode char U+00B4 (decimal 180)
   defining Unicode char U+00B5 (decimal 181)
   defining Unicode char U+00B6 (decimal 182)
   defining Unicode char U+00B7 (decimal 183)
   defining Unicode char U+00B9 (decimal 185)
   defining Unicode char U+00BA (decimal 186)
   defining Unicode char U+00BC (decimal 188)
   defining Unicode char U+00BD (decimal 189)
   defining Unicode char U+00BE (decimal 190)
   defining Unicode char U+00D7 (decimal 215)
   defining Unicode char U+00F7 (decimal 247)
   defining Unicode char U+0192 (decimal 402)
   defining Unicode char U+02C7 (decimal 711)
   defining Unicode char U+02D8 (decimal 728)
   defining Unicode char U+02DD (decimal 733)
   defining Unicode char U+0E3F (decimal 3647)
   defining Unicode char U+2016 (decimal 8214)
   defining Unicode char U+2020 (decimal 8224)
   defining Unicode char U+2021 (decimal 8225)
   defining Unicode char U+2022 (decimal 8226)
   defining Unicode char U+2030 (decimal 8240)
   defining Unicode char U+2031 (decimal 8241)
   defining Unicode char U+203B (decimal 8251)
   defining Unicode char U+203D (decimal 8253)
   defining Unicode char U+2044 (decimal 8260)
   defining Unicode char U+204E (decimal 8270)
   defining Unicode char U+2052 (decimal 8274)
   defining Unicode char U+20A1 (decimal 8353)
   defining Unicode char U+20A4 (decimal 8356)
   defining Unicode char U+20A6 (decimal 8358)
   defining Unicode char U+20A9 (decimal 8361)
   defining Unicode char U+20AB (decimal 8363)
   defining Unicode char U+20AC (decimal 8364)
   defining Unicode char U+20B1 (decimal 8369)
   defining Unicode char U+2103 (decimal 8451)
   defining Unicode char U+2116 (decimal 8470)
   defining Unicode char U+2117 (decimal 8471)
   defining Unicode char U+211E (decimal 8478)
   defining Unicode char U+2120 (decimal 8480)
   defining Unicode char U+2122 (decimal 8482)
   defining Unicode char U+2126 (decimal 8486)
   defining Unicode char U+2127 (decimal 8487)
   defining Unicode char U+212E (decimal 8494)
   defining Unicode char U+2190 (decimal 8592)
   defining Unicode char U+2191 (decimal 8593)
   defining Unicode char U+2192 (decimal 8594)
   defining Unicode char U+2193 (decimal 8595)
   defining Unicode char U+2329 (decimal 9001)
   defining Unicode char U+232A (decimal 9002)
   defining Unicode char U+2422 (decimal 9250)
   defining Unicode char U+25E6 (decimal 9702)
   defining Unicode char U+25EF (decimal 9711)
   defining Unicode char U+266A (decimal 9834)
)
   defining Unicode char U+00A9 (decimal 169)
   defining Unicode char U+00AA (decimal 170)
   defining Unicode char U+00AE (decimal 174)
   defining Unicode char U+00BA (decimal 186)
   defining Unicode char U+02C6 (decimal 710)
   defining Unicode char U+02DC (decimal 732)
   defining Unicode char U+200C (decimal 8204)
   defining Unicode char U+2026 (decimal 8230)
   defining Unicode char U+2122 (decimal 8482)
   defining Unicode char U+2423 (decimal 9251)
))
(/usr/share/texlive/texmf-dist/tex/latex/amsmath/amsmath.sty
Package: amsmath 2013/01/14 v2.14 AMS math features
\@mathmargin=\skip43

For additional information on amsmath, use the `?' option.
(/usr/share/texlive/texmf-dist/tex/latex/amsmath/amstext.sty
Package: amstext 2000/06/29 v2.01

(/usr/share/texlive/texmf-dist/tex/latex/amsmath/amsgen.sty
File: amsgen.sty 1999/11/30 v2.0
\@emptytoks=\toks19
\ex@=\dimen103
))
(/usr/share/texlive/texmf-dist/tex/latex/amsmath/amsbsy.sty
Package: amsbsy 1999/11/29 v1.2d
\pmbraise@=\dimen104
)
(/usr/share/texlive/texmf-dist/tex/latex/amsmath/amsopn.sty
Package: amsopn 1999/12/14 v2.01 operator names
)
\inf@bad=\count89
LaTeX Info: Redefining \frac on input line 210.
\uproot@=\count90
\leftroot@=\count91
LaTeX Info: Redefining \overline on input line 306.
\classnum@=\count92
\DOTSCASE@=\count93
LaTeX Info: Redefining \ldots on input line 378.
LaTeX Info: Redefining \dots on input line 381.
LaTeX Info: Redefining \cdots on input line 466.
\Mathstrutbox@=\box26
\strutbox@=\box27
\big@size=\dimen105
LaTeX Font Info:    Redeclaring font encoding OML on input line 566.
LaTeX Font Info:    Redeclaring font encoding OMS on input line 567.
\macc@depth=\count94
\c@MaxMatrixCols=\count95
\dotsspace@=\muskip10
\c@parentequation=\count96
\dspbrk@lvl=\count97
\tag@help=\toks20
\row@=\count98
\column@=\count99
\maxfields@=\count100
\andhelp@=\toks21
\eqnshift@=\dimen106
\alignsep@=\dimen107
\tagshift@=\dimen108
\tagwidth@=\dimen109
\totwidth@=\dimen110
\lineht@=\dimen111
\@envbody=\toks22
\multlinegap=\skip44
\multlinetaggap=\skip45
\mathdisplay@stack=\toks23
LaTeX Info: Redefining \[ on input line 2665.
LaTeX Info: Redefining \] on input line 2666.
)
(/usr/share/texlive/texmf-dist/tex/latex/amscls/amsthm.sty
Package: amsthm 2004/08/06 v2.20
\thm@style=\toks24
\thm@bodyfont=\toks25
\thm@headfont=\toks26
\thm@notefont=\toks27
\thm@headpunct=\toks28
\thm@preskip=\skip46
\thm@postskip=\skip47
\thm@headsep=\skip48
\dth@everypar=\toks29
)
(/usr/share/texlive/texmf-dist/tex/latex/amsfonts/amssymb.sty
Package: amssymb 2013/01/14 v3.01 AMS font symbols

(/usr/share/texlive/texmf-dist/tex/latex/amsfonts/amsfonts.sty
Package: amsfonts 2013/01/14 v3.01 Basic AMSFonts support
\symAMSa=\mathgroup4
\symAMSb=\mathgroup5
LaTeX Font Info:    Overwriting math alphabet `\mathfrak' in version `bold'
(Font)                  U/euf/m/n --> U/euf/b/n on input line 106.
))
(/usr/share/texlive/texmf-dist/tex/generic/babel/babel.sty
Package: babel 2013/12/03 3.9h The Babel package

(/usr/share/texlive/texmf-dist/tex/generic/babel-italian/italian.ldf
Language: italian 2013/11/22 v1.3f Italian support from the babel system

(/usr/share/texlive/texmf-dist/tex/generic/babel/babel.def
File: babel.def 2013/12/03 3.9h Babel common definitions
\babel@savecnt=\count101
\U@D=\dimen112
)
\it@lettering=\count102
Package babel Info: Making " an active character on input line 98.
\Virgola=\count103
))
(/usr/share/texlive/texmf-dist/tex/latex/etoolbox/etoolbox.sty
Package: etoolbox 2011/01/03 v2.1 e-TeX tools for LaTeX

(/usr/share/texlive/texmf-dist/tex/latex/etex-pkg/etex.sty
Package: etex 1998/03/26 v2.0 eTeX basic definition package (PEB)
\et@xins=\count104
)
\etb@tempcnta=\count105
)
(/usr/share/texlive/texmf-dist/tex/latex/microtype/microtype.sty
Package: microtype 2013/05/23 v2.5a Micro-typographical refinements (RS)
\MT@toks=\toks30
\MT@count=\count106
LaTeX Info: Redefining \textls on input line 766.
\MT@outer@kern=\dimen113
LaTeX Info: Redefining \textmicrotypecontext on input line 1285.
\MT@listname@count=\count107

(/usr/share/texlive/texmf-dist/tex/latex/microtype/microtype-pdftex.def
File: microtype-pdftex.def 2013/05/23 v2.5a Definitions specific to pdftex (RS)

LaTeX Info: Redefining \lsstyle on input line 915.
LaTeX Info: Redefining \lslig on input line 915.
\MT@outer@space=\skip49
)
Package microtype Info: Loading configuration file microtype.cfg.

(/usr/share/texlive/texmf-dist/tex/latex/microtype/microtype.cfg
File: microtype.cfg 2013/05/23 v2.5a microtype main configuration file (RS)
))
(/usr/share/texlive/texmf-dist/tex/latex/graphics/graphicx.sty
Package: graphicx 1999/02/16 v1.0f Enhanced LaTeX Graphics (DPC,SPQR)

(/usr/share/texlive/texmf-dist/tex/latex/graphics/graphics.sty
Package: graphics 2009/02/05 v1.0o Standard LaTeX Graphics (DPC,SPQR)

(/usr/share/texlive/texmf-dist/tex/latex/graphics/trig.sty
Package: trig 1999/03/16 v1.09 sin cos tan (DPC)
)
(/usr/share/texlive/texmf-dist/tex/latex/latexconfig/graphics.cfg
File: graphics.cfg 2010/04/23 v1.9 graphics configuration of TeX Live
)
Package graphics Info: Driver file: pdftex.def on input line 91.

(/usr/share/texlive/texmf-dist/tex/latex/pdftex-def/pdftex.def
File: pdftex.def 2011/05/27 v0.06d Graphics/color for pdfTeX
\Gread@gobject=\count108
))
\Gin@req@height=\dimen114
\Gin@req@width=\dimen115
)
(/usr/share/texlive/texmf-dist/tex/latex/tools/tabularx.sty
Package: tabularx 1999/01/07 v2.07 `tabularx' package (DPC)

(/usr/share/texlive/texmf-dist/tex/latex/tools/array.sty
Package: array 2008/09/09 v2.4c Tabular extension package (FMi)
\col@sep=\dimen116
\extrarowheight=\dimen117
\NC@list=\toks31
\extratabsurround=\skip50
\backup@length=\skip51
)
\TX@col@width=\dimen118
\TX@old@table=\dimen119
\TX@old@col=\dimen120
\TX@target=\dimen121
\TX@delta=\dimen122
\TX@cols=\count109
\TX@ftn=\toks32
)
(/usr/share/texlive/texmf-dist/tex/latex/tabulary/tabulary.sty
Package: tabulary 2008/12/01 v0.9 tabulary package (DPC)
\TY@count=\count110
\TY@linewidth=\dimen123
\tymin=\dimen124
\tymax=\dimen125
\TY@tablewidth=\dimen126
)
(/usr/share/texmf/tex/latex/gnuplot/gnuplot-lua-tikz.sty
Package: gnuplot-lua-tikz 2012/02/07 (rev. 100) GNUPLOT Lua terminal style

(/usr/share/texmf/tex/latex/pgf/frontendlayer/tikz.sty
(/usr/share/texmf/tex/latex/pgf/basiclayer/pgf.sty
(/usr/share/texmf/tex/latex/pgf/utilities/pgfrcs.sty
(/usr/share/texmf/tex/generic/pgf/utilities/pgfutil-common.tex
\pgfutil@everybye=\toks33
)
(/usr/share/texmf/tex/generic/pgf/utilities/pgfutil-latex.def
\pgfutil@abb=\box28

(/usr/share/texlive/texmf-dist/tex/latex/ms/everyshi.sty
Package: everyshi 2001/05/15 v3.00 EveryShipout Package (MS)
))
(/usr/share/texmf/tex/generic/pgf/utilities/pgfrcs.code.tex
Package: pgfrcs 2010/10/25 v2.10 (rcs-revision 1.24)
))
Package: pgf 2008/01/15 v2.10 (rcs-revision 1.12)

(/usr/share/texmf/tex/latex/pgf/basiclayer/pgfcore.sty
(/usr/share/texmf/tex/latex/pgf/systemlayer/pgfsys.sty
(/usr/share/texmf/tex/generic/pgf/systemlayer/pgfsys.code.tex
Package: pgfsys 2010/06/30 v2.10 (rcs-revision 1.37)

(/usr/share/texmf/tex/generic/pgf/utilities/pgfkeys.code.tex
\pgfkeys@pathtoks=\toks34
\pgfkeys@temptoks=\toks35

(/usr/share/texmf/tex/generic/pgf/utilities/pgfkeysfiltered.code.tex
\pgfkeys@tmptoks=\toks36
))
\pgf@x=\dimen127
\pgf@y=\dimen128
\pgf@xa=\dimen129
\pgf@ya=\dimen130
\pgf@xb=\dimen131
\pgf@yb=\dimen132
\pgf@xc=\dimen133
\pgf@yc=\dimen134
\w@pgf@writea=\write3
\r@pgf@reada=\read1
\c@pgf@counta=\count111
\c@pgf@countb=\count112
\c@pgf@countc=\count113
\c@pgf@countd=\count114

(/usr/share/texmf/tex/generic/pgf/systemlayer/pgf.cfg
File: pgf.cfg 2008/05/14  (rcs-revision 1.7)
)
Package pgfsys Info: Driver file for pgf: pgfsys-pdftex.def on input line 900.

(/usr/share/texmf/tex/generic/pgf/systemlayer/pgfsys-pdftex.def
File: pgfsys-pdftex.def 2009/05/22  (rcs-revision 1.26)

(/usr/share/texmf/tex/generic/pgf/systemlayer/pgfsys-common-pdf.def
File: pgfsys-common-pdf.def 2008/05/19  (rcs-revision 1.10)
)))
(/usr/share/texmf/tex/generic/pgf/systemlayer/pgfsyssoftpath.code.tex
File: pgfsyssoftpath.code.tex 2008/07/18  (rcs-revision 1.7)
\pgfsyssoftpath@smallbuffer@items=\count115
\pgfsyssoftpath@bigbuffer@items=\count116
)
(/usr/share/texmf/tex/generic/pgf/systemlayer/pgfsysprotocol.code.tex
File: pgfsysprotocol.code.tex 2006/10/16  (rcs-revision 1.4)
))
(/usr/share/texmf/tex/latex/xcolor/xcolor.sty
Package: xcolor 2007/01/21 v2.11 LaTeX color extensions (UK)

(/usr/share/texlive/texmf-dist/tex/latex/latexconfig/color.cfg
File: color.cfg 2007/01/18 v1.5 color configuration of teTeX/TeXLive
)
Package xcolor Info: Driver file: pdftex.def on input line 225.
Package xcolor Info: Model `cmy' substituted by `cmy0' on input line 1337.
Package xcolor Info: Model `hsb' substituted by `rgb' on input line 1341.
Package xcolor Info: Model `RGB' extended on input line 1353.
Package xcolor Info: Model `HTML' substituted by `rgb' on input line 1355.
Package xcolor Info: Model `Hsb' substituted by `hsb' on input line 1356.
Package xcolor Info: Model `tHsb' substituted by `hsb' on input line 1357.
Package xcolor Info: Model `HSB' substituted by `hsb' on input line 1358.
Package xcolor Info: Model `Gray' substituted by `gray' on input line 1359.
Package xcolor Info: Model `wave' substituted by `hsb' on input line 1360.
)
(/usr/share/texmf/tex/generic/pgf/basiclayer/pgfcore.code.tex
Package: pgfcore 2010/04/11 v2.10 (rcs-revision 1.7)

(/usr/share/texmf/tex/generic/pgf/math/pgfmath.code.tex
(/usr/share/texmf/tex/generic/pgf/math/pgfmathcalc.code.tex
(/usr/share/texmf/tex/generic/pgf/math/pgfmathutil.code.tex)
(/usr/share/texmf/tex/generic/pgf/math/pgfmathparser.code.tex
\pgfmath@dimen=\dimen135
\pgfmath@count=\count117
\pgfmath@box=\box29
\pgfmath@toks=\toks37
\pgfmath@stack@operand=\toks38
\pgfmath@stack@operation=\toks39
)
(/usr/share/texmf/tex/generic/pgf/math/pgfmathfunctions.code.tex
(/usr/share/texmf/tex/generic/pgf/math/pgfmathfunctions.basic.code.tex)
(/usr/share/texmf/tex/generic/pgf/math/pgfmathfunctions.trigonometric.code.tex)
(/usr/share/texmf/tex/generic/pgf/math/pgfmathfunctions.random.code.tex)
(/usr/share/texmf/tex/generic/pgf/math/pgfmathfunctions.comparison.code.tex)
(/usr/share/texmf/tex/generic/pgf/math/pgfmathfunctions.base.code.tex)
(/usr/share/texmf/tex/generic/pgf/math/pgfmathfunctions.round.code.tex)
(/usr/share/texmf/tex/generic/pgf/math/pgfmathfunctions.misc.code.tex)))
(/usr/share/texmf/tex/generic/pgf/math/pgfmathfloat.code.tex
\c@pgfmathroundto@lastzeros=\count118
))
(/usr/share/texmf/tex/generic/pgf/basiclayer/pgfcorepoints.code.tex
File: pgfcorepoints.code.tex 2010/04/09  (rcs-revision 1.20)
\pgf@picminx=\dimen136
\pgf@picmaxx=\dimen137
\pgf@picminy=\dimen138
\pgf@picmaxy=\dimen139
\pgf@pathminx=\dimen140
\pgf@pathmaxx=\dimen141
\pgf@pathminy=\dimen142
\pgf@pathmaxy=\dimen143
\pgf@xx=\dimen144
\pgf@xy=\dimen145
\pgf@yx=\dimen146
\pgf@yy=\dimen147
\pgf@zx=\dimen148
\pgf@zy=\dimen149
)
(/usr/share/texmf/tex/generic/pgf/basiclayer/pgfcorepathconstruct.code.tex
File: pgfcorepathconstruct.code.tex 2010/08/03  (rcs-revision 1.24)
\pgf@path@lastx=\dimen150
\pgf@path@lasty=\dimen151
)
(/usr/share/texmf/tex/generic/pgf/basiclayer/pgfcorepathusage.code.tex
File: pgfcorepathusage.code.tex 2008/04/22  (rcs-revision 1.12)
\pgf@shorten@end@additional=\dimen152
\pgf@shorten@start@additional=\dimen153
)
(/usr/share/texmf/tex/generic/pgf/basiclayer/pgfcorescopes.code.tex
File: pgfcorescopes.code.tex 2010/09/08  (rcs-revision 1.34)
\pgfpic=\box30
\pgf@hbox=\box31
\pgf@layerbox@main=\box32
\pgf@picture@serial@count=\count119
)
(/usr/share/texmf/tex/generic/pgf/basiclayer/pgfcoregraphicstate.code.tex
File: pgfcoregraphicstate.code.tex 2008/04/22  (rcs-revision 1.9)
\pgflinewidth=\dimen154
)
(/usr/share/texmf/tex/generic/pgf/basiclayer/pgfcoretransformations.code.tex
File: pgfcoretransformations.code.tex 2009/06/10  (rcs-revision 1.11)
\pgf@pt@x=\dimen155
\pgf@pt@y=\dimen156
\pgf@pt@temp=\dimen157
)
(/usr/share/texmf/tex/generic/pgf/basiclayer/pgfcorequick.code.tex
File: pgfcorequick.code.tex 2008/10/09  (rcs-revision 1.3)
)
(/usr/share/texmf/tex/generic/pgf/basiclayer/pgfcoreobjects.code.tex
File: pgfcoreobjects.code.tex 2006/10/11  (rcs-revision 1.2)
)
(/usr/share/texmf/tex/generic/pgf/basiclayer/pgfcorepathprocessing.code.tex
File: pgfcorepathprocessing.code.tex 2008/10/09  (rcs-revision 1.8)
)
(/usr/share/texmf/tex/generic/pgf/basiclayer/pgfcorearrows.code.tex
File: pgfcorearrows.code.tex 2008/04/23  (rcs-revision 1.11)
)
(/usr/share/texmf/tex/generic/pgf/basiclayer/pgfcoreshade.code.tex
File: pgfcoreshade.code.tex 2008/11/23  (rcs-revision 1.13)
\pgf@max=\dimen158
\pgf@sys@shading@range@num=\count120
)
(/usr/share/texmf/tex/generic/pgf/basiclayer/pgfcoreimage.code.tex
File: pgfcoreimage.code.tex 2010/03/25  (rcs-revision 1.16)

(/usr/share/texmf/tex/generic/pgf/basiclayer/pgfcoreexternal.code.tex
File: pgfcoreexternal.code.tex 2010/09/01  (rcs-revision 1.17)
\pgfexternal@startupbox=\box33
))
(/usr/share/texmf/tex/generic/pgf/basiclayer/pgfcorelayers.code.tex
File: pgfcorelayers.code.tex 2010/08/27  (rcs-revision 1.2)
)
(/usr/share/texmf/tex/generic/pgf/basiclayer/pgfcoretransparency.code.tex
File: pgfcoretransparency.code.tex 2008/01/17  (rcs-revision 1.2)
)
(/usr/share/texmf/tex/generic/pgf/basiclayer/pgfcorepatterns.code.tex
File: pgfcorepatterns.code.tex 2009/07/02  (rcs-revision 1.3)
)))
(/usr/share/texmf/tex/generic/pgf/modules/pgfmoduleshapes.code.tex
File: pgfmoduleshapes.code.tex 2010/09/09  (rcs-revision 1.13)
\pgfnodeparttextbox=\box34
)
(/usr/share/texmf/tex/generic/pgf/modules/pgfmoduleplot.code.tex
File: pgfmoduleplot.code.tex 2010/10/22  (rcs-revision 1.8)
)
(/usr/share/texmf/tex/latex/pgf/compatibility/pgfcomp-version-0-65.sty
Package: pgfcomp-version-0-65 2007/07/03 v2.10 (rcs-revision 1.7)
\pgf@nodesepstart=\dimen159
\pgf@nodesepend=\dimen160
)
(/usr/share/texmf/tex/latex/pgf/compatibility/pgfcomp-version-1-18.sty
Package: pgfcomp-version-1-18 2007/07/23 v2.10 (rcs-revision 1.1)
))
(/usr/share/texmf/tex/latex/pgf/utilities/pgffor.sty
(/usr/share/texmf/tex/latex/pgf/utilities/pgfkeys.sty
(/usr/share/texmf/tex/generic/pgf/utilities/pgfkeys.code.tex))
(/usr/share/texmf/tex/generic/pgf/utilities/pgffor.code.tex
Package: pgffor 2010/03/23 v2.10 (rcs-revision 1.18)
\pgffor@iter=\dimen161
\pgffor@skip=\dimen162
\pgffor@stack=\toks40
\pgffor@toks=\toks41
))
(/usr/share/texmf/tex/generic/pgf/frontendlayer/tikz/tikz.code.tex
Package: tikz 2010/10/13 v2.10 (rcs-revision 1.76)

(/usr/share/texmf/tex/generic/pgf/libraries/pgflibraryplothandlers.code.tex
File: pgflibraryplothandlers.code.tex 2010/05/31 v2.10 (rcs-revision 1.15)
\pgf@plot@mark@count=\count121
\pgfplotmarksize=\dimen163
)
\tikz@lastx=\dimen164
\tikz@lasty=\dimen165
\tikz@lastxsaved=\dimen166
\tikz@lastysaved=\dimen167
\tikzleveldistance=\dimen168
\tikzsiblingdistance=\dimen169
\tikz@figbox=\box35
\tikz@tempbox=\box36
\tikztreelevel=\count122
\tikznumberofchildren=\count123
\tikznumberofcurrentchild=\count124
\tikz@fig@count=\count125

(/usr/share/texmf/tex/generic/pgf/modules/pgfmodulematrix.code.tex
File: pgfmodulematrix.code.tex 2010/08/24  (rcs-revision 1.4)
\pgfmatrixcurrentrow=\count126
\pgfmatrixcurrentcolumn=\count127
\pgf@matrix@numberofcolumns=\count128
)
\tikz@expandcount=\count129

(/usr/share/texmf/tex/generic/pgf/frontendlayer/tikz/libraries/tikzlibrarytopat
hs.code.tex
File: tikzlibrarytopaths.code.tex 2008/06/17 v2.10 (rcs-revision 1.2)
)))
(/usr/share/texmf/tex/generic/pgf/frontendlayer/tikz/libraries/tikzlibraryarrow
s.code.tex
File: tikzlibraryarrows.code.tex 2008/01/09 v2.10 (rcs-revision 1.1)

(/usr/share/texmf/tex/generic/pgf/libraries/pgflibraryarrows.code.tex
File: pgflibraryarrows.code.tex 2008/10/27 v2.10 (rcs-revision 1.9)
\arrowsize=\dimen170
))
(/usr/share/texmf/tex/generic/pgf/frontendlayer/tikz/libraries/tikzlibrarypatte
rns.code.tex
File: tikzlibrarypatterns.code.tex 2008/01/15 v2.10 (rcs-revision 1.2)

(/usr/share/texmf/tex/generic/pgf/libraries/pgflibrarypatterns.code.tex
File: pgflibrarypatterns.code.tex 2008/03/03 v2.10 (rcs-revision 1.13)
))
(/usr/share/texmf/tex/generic/pgf/frontendlayer/tikz/libraries/tikzlibraryplotm
arks.code.tex
File: tikzlibraryplotmarks.code.tex 2008/01/09 v2.10 (rcs-revision 1.1)

(/usr/share/texmf/tex/generic/pgf/libraries/pgflibraryplotmarks.code.tex
File: pgflibraryplotmarks.code.tex 2010/10/15 v2.10 (rcs-revision 1.12)
))
(/usr/share/texmf/tex/generic/pgf/frontendlayer/tikz/libraries/tikzlibrarybackg
rounds.code.tex
File: tikzlibrarybackgrounds.code.tex 2010/02/08 v2.10 (rcs-revision 1.2)
\pgf@layerbox@background=\box37
\pgf@layerboxsaved@background=\box38
)
(/usr/share/texmf/tex/latex/gnuplot/gnuplot-lua-tikz-common.tex
\gpvcharsize=\dimen171
\gphcharsize=\dimen172
\gpbasems=\dimen173
\gpbaselw=\dimen174
))
\alphabet=\skip52

(/usr/share/texlive/texmf-dist/tex/latex/geometry/geometry.sty
Package: geometry 2010/09/12 v5.6 Page Geometry

(/usr/share/texlive/texmf-dist/tex/generic/oberdiek/ifpdf.sty
Package: ifpdf 2011/01/30 v2.3 Provides the ifpdf switch (HO)
Package ifpdf Info: pdfTeX in PDF mode is detected.
)
(/usr/share/texlive/texmf-dist/tex/generic/oberdiek/ifvtex.sty
Package: ifvtex 2010/03/01 v1.5 Detect VTeX and its facilities (HO)
Package ifvtex Info: VTeX not detected.
)
\Gm@cnth=\count130
\Gm@cntv=\count131
\c@Gm@tempcnt=\count132
\Gm@bindingoffset=\dimen175
\Gm@wd@mp=\dimen176
\Gm@odd@mp=\dimen177
\Gm@even@mp=\dimen178
\Gm@layoutwidth=\dimen179
\Gm@layoutheight=\dimen180
\Gm@layouthoffset=\dimen181
\Gm@layoutvoffset=\dimen182
\Gm@dimlist=\toks42
)
(/usr/share/texlive/texmf-dist/tex/latex/tools/multicol.sty
Package: multicol 2011/06/27 v1.7a multicolumn formatting (FMi)
\c@tracingmulticols=\count133
\mult@box=\box39
\multicol@leftmargin=\dimen183
\c@unbalance=\count134
\c@collectmore=\count135
\doublecol@number=\count136
\multicoltolerance=\count137
\multicolpretolerance=\count138
\full@width=\dimen184
\page@free=\dimen185
\premulticols=\dimen186
\postmulticols=\dimen187
\multicolsep=\skip53
\multicolbaselineskip=\skip54
\partial@page=\box40
\last@line=\box41
\mult@rightbox=\box42
\mult@grightbox=\box43
\mult@gfirstbox=\box44
\mult@firstbox=\box45
\@tempa=\box46
\@tempa=\box47
\@tempa=\box48
\@tempa=\box49
\@tempa=\box50
\@tempa=\box51
\@tempa=\box52
\@tempa=\box53
\@tempa=\box54
\@tempa=\box55
\@tempa=\box56
\@tempa=\box57
\@tempa=\box58
\@tempa=\box59
\@tempa=\box60
\@tempa=\box61
\@tempa=\box62
\c@columnbadness=\count139
\c@finalcolumnbadness=\count140
\last@try=\dimen188
\multicolovershoot=\dimen189
\multicolundershoot=\dimen190
\mult@nat@firstbox=\box63
\colbreak@box=\box64
\multicol@sort@counter=\count141
)
(/usr/share/texlive/texmf-dist/tex/latex/caption/caption.sty
Package: caption 2013/05/02 v3.3-89 Customizing captions (AR)

(/usr/share/texlive/texmf-dist/tex/latex/caption/caption3.sty
Package: caption3 2013/05/02 v1.6-88 caption3 kernel (AR)
Package caption3 Info: TeX engine: e-TeX on input line 57.
\captionmargin=\dimen191
\captionmargin@=\dimen192
\captionwidth=\dimen193
\caption@tempdima=\dimen194
\caption@indent=\dimen195
\caption@parindent=\dimen196
\caption@hangindent=\dimen197
)
\c@ContinuedFloat=\count142
)
(/usr/share/texlive/texmf-dist/tex/latex/booktabs/booktabs.sty
Package: booktabs 2005/04/14 v1.61803 publication quality tables
\heavyrulewidth=\dimen198
\lightrulewidth=\dimen199
\cmidrulewidth=\dimen200
\belowrulesep=\dimen201
\belowbottomsep=\dimen202
\aboverulesep=\dimen203
\abovetopsep=\dimen204
\cmidrulesep=\dimen205
\cmidrulekern=\dimen206
\defaultaddspace=\dimen207
\@cmidla=\count143
\@cmidlb=\count144
\@aboverulesep=\dimen208
\@belowrulesep=\dimen209
\@thisruleclass=\count145
\@lastruleclass=\count146
\@thisrulewidth=\dimen210
)
(/usr/share/texlive/texmf-dist/tex/latex/float/float.sty
Package: float 2001/11/08 v1.3d Float enhancements (AL)
\c@float@type=\count147
\float@exts=\toks43
\float@box=\box65
\@float@everytoks=\toks44
\@floatcapt=\box66
)
(/usr/share/texlive/texmf-dist/tex/latex/tocloft/tocloft.sty
Package: tocloft 2013/05/02 v2.3f parameterised ToC, etc., typesetting
Package tocloft Info: The document has section divisions on input line 44.
\cftparskip=\skip55
\cftbeforetoctitleskip=\skip56
\cftaftertoctitleskip=\skip57
\cftbeforepartskip=\skip58
\cftpartnumwidth=\skip59
\cftpartindent=\skip60
\cftbeforesecskip=\skip61
\cftsecindent=\skip62
\cftsecnumwidth=\skip63
\cftbeforesubsecskip=\skip64
\cftsubsecindent=\skip65
\cftsubsecnumwidth=\skip66
\cftbeforesubsubsecskip=\skip67
\cftsubsubsecindent=\skip68
\cftsubsubsecnumwidth=\skip69
\cftbeforeparaskip=\skip70
\cftparaindent=\skip71
\cftparanumwidth=\skip72
\cftbeforesubparaskip=\skip73
\cftsubparaindent=\skip74
\cftsubparanumwidth=\skip75
\cftbeforeloftitleskip=\skip76
\cftafterloftitleskip=\skip77
\cftbeforefigskip=\skip78
\cftfigindent=\skip79
\cftfignumwidth=\skip80
\c@lofdepth=\count148
\c@lotdepth=\count149
\cftbeforelottitleskip=\skip81
\cftafterlottitleskip=\skip82
\cftbeforetabskip=\skip83
\cfttabindent=\skip84
\cfttabnumwidth=\skip85
)
(/usr/share/texlive/texmf-dist/tex/latex/units/nicefrac.sty
Package: nicefrac 1998/08/04 v0.9b Nice fractions
\L@UnitsRaiseDisplaystyle=\skip86
\L@UnitsRaiseTextstyle=\skip87
\L@UnitsRaiseScriptstyle=\skip88

(/usr/share/texlive/texmf-dist/tex/latex/base/ifthen.sty
Package: ifthen 2001/05/26 v1.1c Standard LaTeX ifthen package (DPC)
))
(/usr/share/texlive/texmf-dist/tex/latex/pdfpages/pdfpages.sty
Package: pdfpages 2013/08/25 v0.4v Insert pages of external PDF documents (AM)

(/usr/share/texlive/texmf-dist/tex/latex/tools/calc.sty
Package: calc 2007/08/22 v4.3 Infix arithmetic (KKT,FJ)
\calc@Acount=\count150
\calc@Bcount=\count151
\calc@Adimen=\dimen211
\calc@Bdimen=\dimen212
\calc@Askip=\skip89
\calc@Bskip=\skip90
LaTeX Info: Redefining \setlength on input line 76.
LaTeX Info: Redefining \addtolength on input line 77.
\calc@Ccount=\count152
\calc@Cskip=\skip91
)
(/usr/share/texlive/texmf-dist/tex/latex/eso-pic/eso-pic.sty
Package: eso-pic 2013/10/06 v2.0d eso-pic (RN)

(/usr/share/texlive/texmf-dist/tex/generic/oberdiek/atbegshi.sty
Package: atbegshi 2011/10/05 v1.16 At begin shipout hook (HO)
))
(/usr/share/texlive/texmf-dist/tex/latex/pdfpages/pppdftex.def
File: pppdftex.def 2013/08/25 v0.4v Pdfpages driver for pdfTeX (AM)
)
\AM@pagebox=\box67
\AM@toc@title=\toks45
\c@AM@survey=\count153
\AM@templatesizebox=\box68
)
(/usr/share/texlive/texmf-dist/tex/latex/lettrine/lettrine.sty
File: lettrine.sty 2013/03/14 v1.64 (Daniel Flipo)
\c@DefaultLines=\count154
\DefaultFindent=\dimen213
\DefaultNindent=\dimen214
\DefaultSlope=\dimen215
\L@lbox=\box69
\L@tbox=\box70
\c@L@lines=\count155
\L@Pindent=\dimen216
\L@Findent=\dimen217
\L@Nindent=\dimen218
\L@lraise=\dimen219
\L@first=\dimen220
\L@next=\dimen221
\L@slope=\dimen222
\L@height=\dimen223
\LettrineWidth=\dimen224

Loading lettrine.cfg
(/usr/share/texlive/texmf-dist/tex/latex/lettrine/lettrine.cfg))
(/usr/share/texlive/texmf-dist/tex/latex/paralist/paralist.sty
Package: paralist 2013/06/09 v2.4 Extended list environments
\pltopsep=\skip92
\plpartopsep=\skip93
\plitemsep=\skip94
\plparsep=\skip95
\pl@lab=\toks46
)
(/usr/share/texlive/texmf-dist/tex/latex/placeins/placeins.sty
Package: placeins 2005/04/18  v 2.2
)
(/usr/share/texlive/texmf-dist/tex/latex/abstract/abstract.sty
Package: abstract 2009/06/08 v1.2a configurable abstracts
\abstitleskip=\skip96
\absleftindent=\skip97
\absrightindent=\skip98
\absparindent=\skip99
\absparsep=\skip100
)
(/usr/share/texlive/texmf-dist/tex/latex/oberdiek/listingsutf8.sty
Package: listingsutf8 2011/11/10 v1.2 Allow UTF-8 in listings input (HO)

(/usr/share/texlive/texmf-dist/tex/latex/listings/listings.sty
\lst@mode=\count156
\lst@gtempboxa=\box71
\lst@token=\toks47
\lst@length=\count157
\lst@currlwidth=\dimen225
\lst@column=\count158
\lst@pos=\count159
\lst@lostspace=\dimen226
\lst@width=\dimen227
\lst@newlines=\count160
\lst@lineno=\count161
\lst@maxwidth=\dimen228

(/usr/share/texlive/texmf-dist/tex/latex/listings/lstmisc.sty
File: lstmisc.sty 2013/08/26 1.5b (Carsten Heinz)
\c@lstnumber=\count162
\lst@skipnumbers=\count163
\lst@framebox=\box72
)
(/usr/share/texlive/texmf-dist/tex/latex/listings/listings.cfg
File: listings.cfg 2013/08/26 1.5b listings configuration
))
Package: listings 2013/08/26 1.5b (Carsten Heinz)

(/usr/share/texlive/texmf-dist/tex/generic/oberdiek/pdftexcmds.sty
Package: pdftexcmds 2011/11/29 v0.20 Utility functions of pdfTeX for LuaTeX (HO
)
Package pdftexcmds Info: LuaTeX not detected.
Package pdftexcmds Info: \pdf@primitive is available.
Package pdftexcmds Info: \pdf@ifprimitive is available.
Package pdftexcmds Info: \pdfdraftmode found.
)
(/usr/share/texlive/texmf-dist/tex/generic/oberdiek/stringenc.sty
Package: stringenc 2011/12/02 v1.10 Convert strings between diff. encodings (HO
)

(/usr/share/texlive/texmf-dist/tex/generic/oberdiek/pdfescape.sty
Package: pdfescape 2011/11/25 v1.13 Implements pdfTeX's escape features (HO)
)))
(/usr/share/texlive/texmf-dist/tex/latex/titlesec/titlesec.sty
Package: titlesec 2011/12/15 v2.10.0 Sectioning titles
\ttl@box=\box73
\beforetitleunit=\skip101
\aftertitleunit=\skip102
\ttl@plus=\dimen229
\ttl@minus=\dimen230
\ttl@toksa=\toks48
\titlewidth=\dimen231
\titlewidthlast=\dimen232
\titlewidthfirst=\dimen233
)
(/usr/share/texlive/texmf-dist/tex/latex/titlesec/block.tss
File: block.tss 2011/12/15
)
(/usr/share/texlive/texmf-dist/tex/latex/fancyhdr/fancyhdr.sty
\fancy@headwidth=\skip103
\f@ncyO@elh=\skip104
\f@ncyO@erh=\skip105
\f@ncyO@olh=\skip106
\f@ncyO@orh=\skip107
\f@ncyO@elf=\skip108
\f@ncyO@erf=\skip109
\f@ncyO@olf=\skip110
\f@ncyO@orf=\skip111
)

Package Fancyhdr Warning: \fancyfoot's `E' option without twoside option is use
less on input line 139.

(/usr/share/texlive/texmf-dist/tex/latex/hyperref/hyperref.sty
Package: hyperref 2012/11/06 v6.83m Hypertext links for LaTeX

(/usr/share/texlive/texmf-dist/tex/generic/oberdiek/hobsub-hyperref.sty
Package: hobsub-hyperref 2012/05/28 v1.13 Bundle oberdiek, subset hyperref (HO)


(/usr/share/texlive/texmf-dist/tex/generic/oberdiek/hobsub-generic.sty
Package: hobsub-generic 2012/05/28 v1.13 Bundle oberdiek, subset generic (HO)
Package: hobsub 2012/05/28 v1.13 Construct package bundles (HO)
Package hobsub Info: Skipping package `infwarerr' (already loaded).
Package hobsub Info: Skipping package `ltxcmds' (already loaded).
Package hobsub Info: Skipping package `ifluatex' (already loaded).
Package hobsub Info: Skipping package `ifvtex' (already loaded).
Package: intcalc 2007/09/27 v1.1 Expandable calculations with integers (HO)
Package hobsub Info: Skipping package `ifpdf' (already loaded).
Package hobsub Info: Skipping package `etexcmds' (already loaded).
Package hobsub Info: Skipping package `kvsetkeys' (already loaded).
Package: kvdefinekeys 2011/04/07 v1.3 Define keys (HO)
Package hobsub Info: Skipping package `pdftexcmds' (already loaded).
Package hobsub Info: Skipping package `pdfescape' (already loaded).
Package: bigintcalc 2012/04/08 v1.3 Expandable calculations on big integers (HO
)
Package: bitset 2011/01/30 v1.1 Handle bit-vector datatype (HO)
Package: uniquecounter 2011/01/30 v1.2 Provide unlimited unique counter (HO)
)
Package hobsub Info: Skipping package `hobsub' (already loaded).
Package: letltxmacro 2010/09/02 v1.4 Let assignment for LaTeX macros (HO)
Package: hopatch 2012/05/28 v1.2 Wrapper for package hooks (HO)
Package: xcolor-patch 2011/01/30 xcolor patch
Package: atveryend 2011/06/30 v1.8 Hooks at the very end of document (HO)
Package hobsub Info: Skipping package `atbegshi' (already loaded).
Package: refcount 2011/10/16 v3.4 Data extraction from label references (HO)
Package: hycolor 2011/01/30 v1.7 Color options for hyperref/bookmark (HO)
)
(/usr/share/texlive/texmf-dist/tex/latex/oberdiek/auxhook.sty
Package: auxhook 2011/03/04 v1.3 Hooks for auxiliary files (HO)
)
Normal \dimen register pool exhausted, switching to extended pool.
\@linkdim=\dimen256
\Hy@linkcounter=\count164
\Hy@pagecounter=\count165

(/usr/share/texlive/texmf-dist/tex/latex/hyperref/pd1enc.def
File: pd1enc.def 2012/11/06 v6.83m Hyperref: PDFDocEncoding definition (HO)
Now handling font encoding PD1 ...
... no UTF-8 mapping file for font encoding PD1
)
\Hy@SavedSpaceFactor=\count166

(/usr/share/texlive/texmf-dist/tex/latex/latexconfig/hyperref.cfg
File: hyperref.cfg 2002/06/06 v1.2 hyperref configuration of TeXLive
)
Package hyperref Info: Hyper figures OFF on input line 4443.
Package hyperref Info: Link nesting OFF on input line 4448.
Package hyperref Info: Hyper index ON on input line 4451.
Package hyperref Info: Plain pages OFF on input line 4458.
Package hyperref Info: Backreferencing OFF on input line 4463.
Package hyperref Info: Implicit mode ON; LaTeX internals redefined.
Package hyperref Info: Bookmarks ON on input line 4688.
\c@Hy@tempcnt=\count167

(/usr/share/texlive/texmf-dist/tex/latex/url/url.sty
\Urlmuskip=\muskip11
Package: url 2013/09/16  ver 3.4  Verb mode for urls, etc.
)
LaTeX Info: Redefining \url on input line 5041.
\XeTeXLinkMargin=\dimen257
\Fld@menulength=\count168
\Field@Width=\dimen258
\Fld@charsize=\dimen259
Package hyperref Info: Hyper figures OFF on input line 6295.
Package hyperref Info: Link nesting OFF on input line 6300.
Package hyperref Info: Hyper index ON on input line 6303.
Package hyperref Info: backreferencing OFF on input line 6310.
Package hyperref Info: Link coloring OFF on input line 6315.
Package hyperref Info: Link coloring with OCG OFF on input line 6320.
Package hyperref Info: PDF/A mode OFF on input line 6325.
LaTeX Info: Redefining \ref on input line 6365.
LaTeX Info: Redefining \pageref on input line 6369.
\Hy@abspage=\count169
\c@Item=\count170
\c@Hfootnote=\count171
)

Package hyperref Message: Driver (autodetected): hpdftex.

(/usr/share/texlive/texmf-dist/tex/latex/hyperref/hpdftex.def
File: hpdftex.def 2012/11/06 v6.83m Hyperref driver for pdfTeX
\Fld@listcount=\count172
\c@bookmark@seq@number=\count173

(/usr/share/texlive/texmf-dist/tex/latex/oberdiek/rerunfilecheck.sty
Package: rerunfilecheck 2011/04/15 v1.7 Rerun checks for auxiliary files (HO)
Package uniquecounter Info: New unique counter `rerunfilecheck' on input line 2
82.
)
\Hy@SectionHShift=\skip112
)

Package hyperref Warning: Option `bookmarks' has already been used,
(hyperref)                setting the option has no effect on input line 161.

Package hyperref Info: Option `unicode' set `false' on input line 161.
) (./preamboli_e_stili/titolo_elettronica3.tex)
(./preamboli_e_stili/stili_float.tex
\@float@every@tabella=\toks49
\c@tabella=\count174
\@float@every@grafico=\toks50
\c@grafico=\count175
) (./relazione_spettroscopia_bragg.aux)
\openout1 = `relazione_spettroscopia_bragg.aux'.

LaTeX Font Info:    Checking defaults for OML/cmm/m/it on input line 20.
LaTeX Font Info:    ... okay on input line 20.
LaTeX Font Info:    Checking defaults for T1/cmr/m/n on input line 20.
LaTeX Font Info:    ... okay on input line 20.
LaTeX Font Info:    Checking defaults for OT1/cmr/m/n on input line 20.
LaTeX Font Info:    ... okay on input line 20.
LaTeX Font Info:    Checking defaults for OMS/cmsy/m/n on input line 20.
LaTeX Font Info:    ... okay on input line 20.
LaTeX Font Info:    Checking defaults for OMX/cmex/m/n on input line 20.
LaTeX Font Info:    ... okay on input line 20.
LaTeX Font Info:    Checking defaults for U/cmr/m/n on input line 20.
LaTeX Font Info:    ... okay on input line 20.
LaTeX Font Info:    Checking defaults for TS1/cmr/m/n on input line 20.
LaTeX Font Info:    Try loading font information for TS1+cmr on input line 20.

(/usr/share/texlive/texmf-dist/tex/latex/base/ts1cmr.fd
File: ts1cmr.fd 1999/05/25 v2.5h Standard LaTeX font definitions
)
LaTeX Font Info:    ... okay on input line 20.
LaTeX Font Info:    Checking defaults for PD1/pdf/m/n on input line 20.
LaTeX Font Info:    ... okay on input line 20.
\c@mv@tabular=\count176
\c@mv@boldtabular=\count177
LaTeX Info: Redefining \it@ocap on input line 20.
LaTeX Info: Redefining \it@ccap on input line 20.
LaTeX Info: Redefining \microtypecontext on input line 20.
Package microtype Info: Generating PDF output.
Package microtype Info: Character protrusion enabled (level 2).
Package microtype Info: Using default protrusion set `alltext'.
Package microtype Info: Automatic font expansion enabled (level 2),
(microtype)             stretch: 20, shrink: 20, step: 1, non-selected.
Package microtype Info: Using default expansion set `basictext'.
Package microtype Info: No adjustment of tracking.
Package microtype Info: Adjustment of interword spacing enabled.
Package microtype Info: Using default spacing set `basictext'.
Package microtype Info: Adjustment of character kerning enabled.
Package microtype Info: Using default kerning set `alltext'.
Package microtype Info: Redefining babel's language switching commands.

(/usr/share/texlive/texmf-dist/tex/latex/microtype/mt-ppl.cfg
File: mt-ppl.cfg 2005/11/16 v1.6 microtype config. file: Palatino (RS)
)
(/usr/share/texlive/texmf-dist/tex/context/base/supp-pdf.mkii
[Loading MPS to PDF converter (version 2006.09.02).]
\scratchcounter=\count178
\scratchdimen=\dimen260
\scratchbox=\box74
\nofMPsegments=\count179
\nofMParguments=\count180
\everyMPshowfont=\toks51
\MPscratchCnt=\count181
\MPscratchDim=\dimen261
\MPnumerator=\count182
\makeMPintoPDFobject=\count183
\everyMPtoPDFconversion=\toks52
) (/usr/share/texlive/texmf-dist/tex/latex/oberdiek/epstopdf-base.sty
Package: epstopdf-base 2010/02/09 v2.5 Base part for package epstopdf

(/usr/share/texlive/texmf-dist/tex/latex/oberdiek/grfext.sty
Package: grfext 2010/08/19 v1.1 Manage graphics extensions (HO)
)
Package grfext Info: Graphics extension search list:
(grfext)             [.pdf,.png,.jpg,.eps]
(grfext)             \AppendGraphicsExtensions on input line 452.

(/usr/share/texlive/texmf-dist/tex/latex/latexconfig/epstopdf-sys.cfg
File: epstopdf-sys.cfg 2010/07/13 v1.3 Configuration of (r)epstopdf for TeX Liv
e
))
ABD: EveryShipout initializing macros
*geometry* driver: auto-detecting
*geometry* detected driver: pdftex
*geometry* verbose mode - [ preamble ] result:
* driver: pdftex
* paper: a4paper
* layout: <same size as paper>
* layoutoffset:(h,v)=(0.0pt,0.0pt)
* hratio: 1:1
* vratio: 4:5
* modes: 
* h-part:(L,W,R)=(116.83371pt, 363.84044pt, 116.83372pt)
* v-part:(T,H,B)=(99.58464pt, 620.98141pt, 124.48079pt)
* \paperwidth=597.50787pt
* \paperheight=845.04684pt
* \textwidth=363.84044pt
* \textheight=620.98141pt
* \oddsidemargin=44.56372pt
* \evensidemargin=44.56372pt
* \topmargin=-9.68535pt
* \headheight=14.0pt
* \headsep=25.0pt
* \topskip=11.0pt
* \footskip=30.0pt
* \marginparwidth=50.0pt
* \marginparsep=10.0pt
* \columnsep=20.0pt
* \skip\footins=10.0pt plus 4.0pt minus 2.0pt
* \hoffset=0.0pt
* \voffset=0.0pt
* \mag=1000
* \@twocolumnfalse
* \@twosidefalse
* \@mparswitchfalse
* \@reversemarginfalse
* (1in=72.27pt=25.4mm, 1cm=28.453pt)

Package caption Info: Begin \AtBeginDocument code.
Package caption Info: float package is loaded.
Package caption Info: hyperref package is loaded.
Package caption Info: listings package is loaded.
Package caption Info: End \AtBeginDocument code.
\AtBeginShipoutBox=\box75
\c@lstlisting=\count184
Package hyperref Info: Link coloring OFF on input line 20.
(/usr/share/texlive/texmf-dist/tex/latex/hyperref/nameref.sty
Package: nameref 2012/10/27 v2.43 Cross-referencing by name of section

(/usr/share/texlive/texmf-dist/tex/generic/oberdiek/gettitlestring.sty
Package: gettitlestring 2010/12/03 v1.4 Cleanup title references (HO)
)
\c@section@level=\count185
)
LaTeX Info: Redefining \ref on input line 20.
LaTeX Info: Redefining \pageref on input line 20.
LaTeX Info: Redefining \nameref on input line 20.

(./relazione_spettroscopia_bragg.out) (./relazione_spettroscopia_bragg.out)
\@outlinefile=\write4
\openout4 = `relazione_spettroscopia_bragg.out'.

Package microtype Info: Character `029' is missing
(microtype)             in font `T1/qpl/m/sc/48'.
(microtype)             Ignoring protrusion settings for this character.
LaTeX Font Info:    Try loading font information for U+zeur on input line 30.

(/usr/share/texlive/texmf-dist/tex/latex/eulervm/uzeur.fd
File: uzeur.fd 2005/01/11 v4.0 (WaS)
)
(/usr/share/texlive/texmf-dist/tex/latex/microtype/mt-eur.cfg
File: mt-eur.cfg 2006/07/31 v1.1 microtype config. file: AMS Euler Roman (RS)
)
LaTeX Font Info:    Try loading font information for U+zeus on input line 30.

(/usr/share/texlive/texmf-dist/tex/latex/eulervm/uzeus.fd
File: uzeus.fd 2005/01/11 v4.0 (WaS)
)
(/usr/share/texlive/texmf-dist/tex/latex/microtype/mt-eus.cfg
File: mt-eus.cfg 2006/07/28 v1.2 microtype config. file: AMS Euler Script (RS)
)
LaTeX Font Info:    Try loading font information for U+zeuex on input line 30.

(/usr/share/texlive/texmf-dist/tex/latex/eulervm/uzeuex.fd
File: uzeuex.fd 2005/01/11 v4.0 (WaS)
)
(/usr/share/texlive/texmf-dist/tex/latex/microtype/mt-msa.cfg
File: mt-msa.cfg 2006/02/04 v1.1 microtype config. file: AMS symbols (a) (RS)
)
(/usr/share/texlive/texmf-dist/tex/latex/microtype/mt-msb.cfg
File: mt-msb.cfg 2005/06/01 v1.0 microtype config. file: AMS symbols (b) (RS)
)
Package microtype Info: Character `029' is missing
(microtype)             in font `T1/qpl/m/sc/12'.
(microtype)             Ignoring protrusion settings for this character.
LaTeX Font Info:    Try loading font information for T1+AnonymousPro on input l
ine 30.

(/usr/share/texlive/texmf-dist/tex/latex/anonymouspro/t1anonymouspro.fd
File: t1anonymouspro.fd 2014/01/05 Fontinst v1.933 font definitions for T1/Anon
ymousPro.
)
LaTeX Font Info:    Font shape `T1/AnonymousPro/m/n' will be
(Font)              scaled to size 10.73094pt on input line 30.
Package microtype Info: Loading generic settings for font family
(microtype)             `AnonymousPro' (encoding: T1).
(microtype)             For optimal results, create family-specific settings.
(microtype)             See the microtype manual for details.

(./sezioni/obiettivi.tex) [1

{/var/lib/texmf/fonts/map/pdftex/updmap/pdftex.map}]
LaTeX Font Info:    Try loading font information for T1+AlegreyaSansSC-LF on in
put line 50.
 (/usr/share/texlive/texmf-dist/tex/latex/alegreya/T1AlegreyaSansSC-LF.fd
File: T1AlegreyaSansSC-LF.fd 2014/01/10 (autoinst) Font definitions for T1/Aleg
reyaSansSC-LF.
)
Package microtype Info: Loading generic settings for font family
(microtype)             `AlegreyaSansSC-LF' (encoding: T1).
(microtype)             For optimal results, create family-specific settings.
(microtype)             See the microtype manual for details.

(./relazione_spettroscopia_bragg.toc)
\tf@toc=\write5
\openout5 = `relazione_spettroscopia_bragg.toc'.


(./sezioni/descrizione_app_strumentale.tex) (./sezioni/parti_esperimento.tex
(./sezioni/parti_esperimento/parte_1.tex
(./sezioni/parti_esperimento/parte_1/prima_misura.tex
LaTeX Font Info:    Try loading font information for T1+AlegreyaSans-LF on inpu
t line 1.

(/usr/share/texlive/texmf-dist/tex/latex/alegreya/T1AlegreyaSans-LF.fd
File: T1AlegreyaSans-LF.fd 2014/01/10 (autoinst) Font definitions for T1/Alegre
yaSans-LF.
)
LaTeX Font Info:    Font shape `T1/AlegreyaSans-LF/m/n' will be
(Font)              scaled to size 10.95pt on input line 1.
Package microtype Info: Loading generic settings for font family
(microtype)             `AlegreyaSans-LF' (encoding: T1).
(microtype)             For optimal results, create family-specific settings.
(microtype)             See the microtype manual for details.
LaTeX Font Info:    Font shape `T1/AlegreyaSans-LF/b/n' will be
(Font)              scaled to size 10.95pt on input line 1.
LaTeX Font Info:    Font shape `T1/AlegreyaSans-LF/b/n' will be
(Font)              scaled to size 14.4pt on input line 1.

<../grafici/risultati/misura600.png, id=92, 700.6175pt x 475.7775pt>
File: ../grafici/risultati/misura600.png Graphic file (type png)

<use ../grafici/risultati/misura600.png>
Package pdftex.def Info: ../grafici/risultati/misura600.png used on input line 
18.
(pdftex.def)             Requested size: 700.61578pt x 475.77632pt.
Package hyperref Info: bookmark level for unknown grafico defaults to 0 on inpu
t line 19.
Package microtype Info: Character `029' is missing
(microtype)             in font `T1/qpl/m/sc/10.95'.
(microtype)             Ignoring protrusion settings for this character.
 [2]
<../grafici/risultati/misura600fondo.png, id=101, 700.6175pt x 475.7775pt>
File: ../grafici/risultati/misura600fondo.png Graphic file (type png)

<use ../grafici/risultati/misura600fondo.png>
Package pdftex.def Info: ../grafici/risultati/misura600fondo.png used on input 
line 31.
(pdftex.def)             Requested size: 700.61578pt x 475.77632pt.

<../grafici/risultati/misura600fondo_baseline.png, id=102, 700.6175pt x 475.777
5pt>
File: ../grafici/risultati/misura600fondo_baseline.png Graphic file (type png)
 <use ../grafici/risultati/misura600fondo_baseline.png>
Package pdftex.def Info: ../grafici/risultati/misura600fondo_baseline.png used 
on input line 42.
(pdftex.def)             Requested size: 700.61578pt x 475.77632pt.

<../grafici/risultati/misura600_integral.png, id=103, 700.6175pt x 475.7775pt>
File: ../grafici/risultati/misura600_integral.png Graphic file (type png)

<use ../grafici/risultati/misura600_integral.png>
Package pdftex.def Info: ../grafici/risultati/misura600_integral.png used on in
put line 56.
(pdftex.def)             Requested size: 700.61578pt x 475.77632pt.

<../grafici/risultati/misura600_integral_ev.png, id=104, 700.6175pt x 475.7775p
t>
File: ../grafici/risultati/misura600_integral_ev.png Graphic file (type png)
 <use ../grafici/risultati/misura600_integral_ev.png>
Package pdftex.def Info: ../grafici/risultati/misura600_integral_ev.png used on
 input line 65.
(pdftex.def)             Requested size: 700.61578pt x 475.77632pt.

<../grafici/risultati/misura600_integral_vmax.png, id=105, 700.6175pt x 475.777
5pt>
File: ../grafici/risultati/misura600_integral_vmax.png Graphic file (type png)
 <use ../grafici/risultati/misura600_integral_vmax.png>
Package pdftex.def Info: ../grafici/risultati/misura600_integral_vmax.png used 
on input line 74.
(pdftex.def)             Requested size: 700.61578pt x 475.77632pt.

<../grafici/risultati/misura600_vmax.png, id=106, 700.6175pt x 475.7775pt>
File: ../grafici/risultati/misura600_vmax.png Graphic file (type png)

<use ../grafici/risultati/misura600_vmax.png>
Package pdftex.def Info: ../grafici/risultati/misura600_vmax.png used on input 
line 83.
(pdftex.def)             Requested size: 700.61578pt x 475.77632pt.

<../grafici/risultati/misura600_vmax_ev.png, id=107, 700.6175pt x 475.7775pt>
File: ../grafici/risultati/misura600_vmax_ev.png Graphic file (type png)

<use ../grafici/risultati/misura600_vmax_ev.png>
Package pdftex.def Info: ../grafici/risultati/misura600_vmax_ev.png used on inp
ut line 92.
(pdftex.def)             Requested size: 700.61578pt x 475.77632pt.
 [3 <../grafici/risultati/misura600.png>] [4 <../grafici/risultati/misura600fon
do.png> <../grafici/risultati/misura600fondo_baseline.png>] [5 <../grafici/risu
ltati/misura600_integral.png> <../grafici/risultati/misura600_integral_ev.png>]
 [6 <../grafici/risultati/misura600_integral_vmax.png> <../grafici/risultati/mi
sura600_vmax.png>] [7 <../grafici/risultati/misura600_vmax_ev.png>])
(./sezioni/parti_esperimento/parte_1/risoluzione_energetica.tex
(../grafici/risultati/energy_integral.tex
Missing character: There is no ; in font nullfont!
Missing character: There is no ; in font nullfont!
Missing character: There is no ; in font nullfont!
Missing character: There is no ; in font nullfont!
Missing character: There is no ; in font nullfont!
Missing character: There is no ; in font nullfont!
)
<../grafici/risultati/misura600_energy.png, id=137, 700.6175pt x 475.7775pt>
File: ../grafici/risultati/misura600_energy.png Graphic file (type png)

<use ../grafici/risultati/misura600_energy.png>
Package pdftex.def Info: ../grafici/risultati/misura600_energy.png used on inpu
t line 31.
(pdftex.def)             Requested size: 700.61578pt x 475.77632pt.
 [8

] [9 <../grafici/risultati/misura600_energy.png>])) (./sezioni/parti_esperiment
o/parte_2.tex
(./sezioni/parti_esperimento/parte_2/misura_650.tex
<../grafici/risultati/misura650.png, id=151, 700.6175pt x 472.76625pt>
File: ../grafici/risultati/misura650.png Graphic file (type png)

<use ../grafici/risultati/misura650.png>
Package pdftex.def Info: ../grafici/risultati/misura650.png used on input line 
8.
(pdftex.def)             Requested size: 700.61578pt x 472.76509pt.

<../grafici/risultati/misura650_integral.png, id=152, 700.6175pt x 472.76625pt>
File: ../grafici/risultati/misura650_integral.png Graphic file (type png)
<use ../grafici/risultati/misura650_integral.png>
Package pdftex.def Info: ../grafici/risultati/misura650_integral.png used on in
put line 17.
(pdftex.def)             Requested size: 700.61578pt x 472.76509pt.

<../grafici/risultati/misura650_integral_ev.png, id=153, 700.6175pt x 472.76625
pt>
File: ../grafici/risultati/misura650_integral_ev.png Graphic file (type png)
 <use ../grafici/risultati/misura650_integral_ev.png>
Package pdftex.def Info: ../grafici/risultati/misura650_integral_ev.png used on
 input line 26.
(pdftex.def)             Requested size: 700.61578pt x 472.76509pt.

<../grafici/risultati/misura650_integral_vmax.png, id=154, 700.6175pt x 472.766
25pt>
File: ../grafici/risultati/misura650_integral_vmax.png Graphic file (type png)
 <use ../grafici/risultati/misura650_integral_vmax.png>
Package pdftex.def Info: ../grafici/risultati/misura650_integral_vmax.png used 
on input line 35.
(pdftex.def)             Requested size: 700.61578pt x 472.76509pt.

<../grafici/risultati/misura650_vmax.png, id=155, 700.6175pt x 472.76625pt>
File: ../grafici/risultati/misura650_vmax.png Graphic file (type png)

<use ../grafici/risultati/misura650_vmax.png>
Package pdftex.def Info: ../grafici/risultati/misura650_vmax.png used on input 
line 44.
(pdftex.def)             Requested size: 700.61578pt x 472.76509pt.

<../grafici/risultati/misura650_vmax_ev.png, id=156, 700.6175pt x 472.76625pt>
File: ../grafici/risultati/misura650_vmax_ev.png Graphic file (type png)

<use ../grafici/risultati/misura650_vmax_ev.png>
Package pdftex.def Info: ../grafici/risultati/misura650_vmax_ev.png used on inp
ut line 53.
(pdftex.def)             Requested size: 700.61578pt x 472.76509pt.
 [10

] [11 <../grafici/risultati/misura650.png> <../grafici/risultati/misura650_inte
gral.png>] [12 <../grafici/risultati/misura650_integral_ev.png> <../grafici/ris
ultati/misura650_integral_vmax.png>] [13 <../grafici/risultati/misura650_vmax.p
ng> <../grafici/risultati/misura650_vmax_ev.png>]) (./sezioni/parti_esperimento
/parte_2/misura_550.tex
<../grafici/risultati/misura550.png, id=181, 700.6175pt x 475.7775pt>
File: ../grafici/risultati/misura550.png Graphic file (type png)

<use ../grafici/risultati/misura550.png>
Package pdftex.def Info: ../grafici/risultati/misura550.png used on input line 
7.
(pdftex.def)             Requested size: 700.61578pt x 475.77632pt.

<../grafici/risultati/misura550_integral.png, id=182, 700.6175pt x 472.76625pt>
File: ../grafici/risultati/misura550_integral.png Graphic file (type png)
<use ../grafici/risultati/misura550_integral.png>
Package pdftex.def Info: ../grafici/risultati/misura550_integral.png used on in
put line 16.
(pdftex.def)             Requested size: 700.61578pt x 472.76509pt.

<../grafici/risultati/misura550_integral_ev.png, id=183, 700.6175pt x 472.76625
pt>
File: ../grafici/risultati/misura550_integral_ev.png Graphic file (type png)
 <use ../grafici/risultati/misura550_integral_ev.png>
Package pdftex.def Info: ../grafici/risultati/misura550_integral_ev.png used on
 input line 25.
(pdftex.def)             Requested size: 700.61578pt x 472.76509pt.

<../grafici/risultati/misura550_integral_vmax.png, id=184, 700.6175pt x 472.766
25pt>
File: ../grafici/risultati/misura550_integral_vmax.png Graphic file (type png)
 <use ../grafici/risultati/misura550_integral_vmax.png>
Package pdftex.def Info: ../grafici/risultati/misura550_integral_vmax.png used 
on input line 34.
(pdftex.def)             Requested size: 700.61578pt x 472.76509pt.

<../grafici/risultati/misura550_vmax.png, id=185, 700.6175pt x 472.76625pt>
File: ../grafici/risultati/misura550_vmax.png Graphic file (type png)

<use ../grafici/risultati/misura550_vmax.png>
Package pdftex.def Info: ../grafici/risultati/misura550_vmax.png used on input 
line 43.
(pdftex.def)             Requested size: 700.61578pt x 472.76509pt.

<../grafici/risultati/misura550_vmax_ev.png, id=186, 700.6175pt x 472.76625pt>
File: ../grafici/risultati/misura550_vmax_ev.png Graphic file (type png)

<use ../grafici/risultati/misura550_vmax_ev.png>
Package pdftex.def Info: ../grafici/risultati/misura550_vmax_ev.png used on inp
ut line 52.
(pdftex.def)             Requested size: 700.61578pt x 472.76509pt.
 [14

] [15 <../grafici/risultati/misura550.png> <../grafici/risultati/misura550_inte
gral.png>] [16 <../grafici/risultati/misura550_integral_ev.png> <../grafici/ris
ultati/misura550_integral_vmax.png>] [17 <../grafici/risultati/misura550_vmax.p
ng> <../grafici/risultati/misura550_vmax_ev.png>]) (./sezioni/parti_esperimento
/parte_2/misura_500.tex
<../grafici/risultati/misura500.png, id=209, 700.6175pt x 475.7775pt>
File: ../grafici/risultati/misura500.png Graphic file (type png)

<use ../grafici/risultati/misura500.png>
Package pdftex.def Info: ../grafici/risultati/misura500.png used on input line 
8.
(pdftex.def)             Requested size: 700.61578pt x 475.77632pt.

<../grafici/risultati/misura500_integral.png, id=210, 700.6175pt x 472.76625pt>
File: ../grafici/risultati/misura500_integral.png Graphic file (type png)
<use ../grafici/risultati/misura500_integral.png>
Package pdftex.def Info: ../grafici/risultati/misura500_integral.png used on in
put line 17.
(pdftex.def)             Requested size: 700.61578pt x 472.76509pt.

<../grafici/risultati/misura500_integral_ev.png, id=211, 700.6175pt x 472.76625
pt>
File: ../grafici/risultati/misura500_integral_ev.png Graphic file (type png)
 <use ../grafici/risultati/misura500_integral_ev.png>
Package pdftex.def Info: ../grafici/risultati/misura500_integral_ev.png used on
 input line 26.
(pdftex.def)             Requested size: 700.61578pt x 472.76509pt.

<../grafici/risultati/misura500_integral_vmax.png, id=212, 700.6175pt x 472.766
25pt>
File: ../grafici/risultati/misura500_integral_vmax.png Graphic file (type png)
 <use ../grafici/risultati/misura500_integral_vmax.png>
Package pdftex.def Info: ../grafici/risultati/misura500_integral_vmax.png used 
on input line 35.
(pdftex.def)             Requested size: 700.61578pt x 472.76509pt.

<../grafici/risultati/misura500_vmax.png, id=213, 700.6175pt x 472.76625pt>
File: ../grafici/risultati/misura500_vmax.png Graphic file (type png)

<use ../grafici/risultati/misura500_vmax.png>
Package pdftex.def Info: ../grafici/risultati/misura500_vmax.png used on input 
line 44.
(pdftex.def)             Requested size: 700.61578pt x 472.76509pt.

<../grafici/risultati/misura500_vmax_ev.png, id=214, 700.6175pt x 472.76625pt>
File: ../grafici/risultati/misura500_vmax_ev.png Graphic file (type png)

<use ../grafici/risultati/misura500_vmax_ev.png>
Package pdftex.def Info: ../grafici/risultati/misura500_vmax_ev.png used on inp
ut line 53.
(pdftex.def)             Requested size: 700.61578pt x 472.76509pt.
 [18

] [19 <../grafici/risultati/misura500.png> <../grafici/risultati/misura500_inte
gral.png>] [20 <../grafici/risultati/misura500_integral_ev.png> <../grafici/ris
ultati/misura500_integral_vmax.png>] [21 <../grafici/risultati/misura500_vmax.p
ng> <../grafici/risultati/misura500_vmax_ev.png>]) (./sezioni/parti_esperimento
/parte_2/misura_450.tex
<../grafici/risultati/misura450.png, id=238, 700.6175pt x 475.7775pt>
File: ../grafici/risultati/misura450.png Graphic file (type png)

<use ../grafici/risultati/misura450.png>
Package pdftex.def Info: ../grafici/risultati/misura450.png used on input line 
8.
(pdftex.def)             Requested size: 700.61578pt x 475.77632pt.

<../grafici/risultati/misura450_integral.png, id=239, 700.6175pt x 472.76625pt>
File: ../grafici/risultati/misura450_integral.png Graphic file (type png)
<use ../grafici/risultati/misura450_integral.png>
Package pdftex.def Info: ../grafici/risultati/misura450_integral.png used on in
put line 17.
(pdftex.def)             Requested size: 700.61578pt x 472.76509pt.

<../grafici/risultati/misura450_integral_ev.png, id=240, 700.6175pt x 472.76625
pt>
File: ../grafici/risultati/misura450_integral_ev.png Graphic file (type png)
 <use ../grafici/risultati/misura450_integral_ev.png>
Package pdftex.def Info: ../grafici/risultati/misura450_integral_ev.png used on
 input line 26.
(pdftex.def)             Requested size: 700.61578pt x 472.76509pt.

<../grafici/risultati/misura450_integral_vmax.png, id=241, 700.6175pt x 472.766
25pt>
File: ../grafici/risultati/misura450_integral_vmax.png Graphic file (type png)
 <use ../grafici/risultati/misura450_integral_vmax.png>
Package pdftex.def Info: ../grafici/risultati/misura450_integral_vmax.png used 
on input line 35.
(pdftex.def)             Requested size: 700.61578pt x 472.76509pt.

<../grafici/risultati/misura450_vmax.png, id=242, 700.6175pt x 472.76625pt>
File: ../grafici/risultati/misura450_vmax.png Graphic file (type png)

<use ../grafici/risultati/misura450_vmax.png>
Package pdftex.def Info: ../grafici/risultati/misura450_vmax.png used on input 
line 44.
(pdftex.def)             Requested size: 700.61578pt x 472.76509pt.

<../grafici/risultati/misura450_vmax_ev.png, id=243, 700.6175pt x 472.76625pt>
File: ../grafici/risultati/misura450_vmax_ev.png Graphic file (type png)

<use ../grafici/risultati/misura450_vmax_ev.png>
Package pdftex.def Info: ../grafici/risultati/misura450_vmax_ev.png used on inp
ut line 53.
(pdftex.def)             Requested size: 700.61578pt x 472.76509pt.
 [22

] [23 <../grafici/risultati/misura450.png> <../grafici/risultati/misura450_inte
gral.png>] [24 <../grafici/risultati/misura450_integral_ev.png> <../grafici/ris
ultati/misura450_integral_vmax.png>] [25 <../grafici/risultati/misura450_vmax.p
ng> <../grafici/risultati/misura450_vmax_ev.png>]) (./sezioni/parti_esperimento
/parte_2/misura_400.tex
<../grafici/risultati/misura400.png, id=267, 700.6175pt x 472.76625pt>
File: ../grafici/risultati/misura400.png Graphic file (type png)

<use ../grafici/risultati/misura400.png>
Package pdftex.def Info: ../grafici/risultati/misura400.png used on input line 
8.
(pdftex.def)             Requested size: 700.61578pt x 472.76509pt.

<../grafici/risultati/misura400_integral.png, id=268, 700.6175pt x 472.76625pt>
File: ../grafici/risultati/misura400_integral.png Graphic file (type png)
<use ../grafici/risultati/misura400_integral.png>
Package pdftex.def Info: ../grafici/risultati/misura400_integral.png used on in
put line 16.
(pdftex.def)             Requested size: 700.61578pt x 472.76509pt.

<../grafici/risultati/misura400_integral_ev.png, id=269, 700.6175pt x 472.76625
pt>
File: ../grafici/risultati/misura400_integral_ev.png Graphic file (type png)
 <use ../grafici/risultati/misura400_integral_ev.png>
Package pdftex.def Info: ../grafici/risultati/misura400_integral_ev.png used on
 input line 25.
(pdftex.def)             Requested size: 700.61578pt x 472.76509pt.

<../grafici/risultati/misura400_integral_vmax.png, id=270, 700.6175pt x 472.766
25pt>
File: ../grafici/risultati/misura400_integral_vmax.png Graphic file (type png)
 <use ../grafici/risultati/misura400_integral_vmax.png>
Package pdftex.def Info: ../grafici/risultati/misura400_integral_vmax.png used 
on input line 34.
(pdftex.def)             Requested size: 700.61578pt x 472.76509pt.

<../grafici/risultati/misura400_vmax.png, id=271, 700.6175pt x 472.76625pt>
File: ../grafici/risultati/misura400_vmax.png Graphic file (type png)

<use ../grafici/risultati/misura400_vmax.png>
Package pdftex.def Info: ../grafici/risultati/misura400_vmax.png used on input 
line 43.
(pdftex.def)             Requested size: 700.61578pt x 472.76509pt.

<../grafici/risultati/misura400_vmax_ev.png, id=272, 700.6175pt x 472.76625pt>
File: ../grafici/risultati/misura400_vmax_ev.png Graphic file (type png)

<use ../grafici/risultati/misura400_vmax_ev.png>
Package pdftex.def Info: ../grafici/risultati/misura400_vmax_ev.png used on inp
ut line 52.
(pdftex.def)             Requested size: 700.61578pt x 472.76509pt.
 [26

] [27 <../grafici/risultati/misura400.png> <../grafici/risultati/misura400_inte
gral.png>] [28 <../grafici/risultati/misura400_integral_ev.png> <../grafici/ris
ultati/misura400_integral_vmax.png>] [29 <../grafici/risultati/misura400_vmax.p
ng> <../grafici/risultati/misura400_vmax_ev.png>]) (./sezioni/parti_esperimento
/parte_2/misura_380.tex
<../grafici/risultati/misura380.png, id=295, 700.6175pt x 472.76625pt>
File: ../grafici/risultati/misura380.png Graphic file (type png)

<use ../grafici/risultati/misura380.png>
Package pdftex.def Info: ../grafici/risultati/misura380.png used on input line 
8.
(pdftex.def)             Requested size: 700.61578pt x 472.76509pt.

<../grafici/risultati/misura380_integral.png, id=296, 700.6175pt x 472.76625pt>
File: ../grafici/risultati/misura380_integral.png Graphic file (type png)
<use ../grafici/risultati/misura380_integral.png>
Package pdftex.def Info: ../grafici/risultati/misura380_integral.png used on in
put line 17.
(pdftex.def)             Requested size: 700.61578pt x 472.76509pt.

<../grafici/risultati/misura380_integral_ev.png, id=297, 700.6175pt x 472.76625
pt>
File: ../grafici/risultati/misura380_integral_ev.png Graphic file (type png)
 <use ../grafici/risultati/misura380_integral_ev.png>
Package pdftex.def Info: ../grafici/risultati/misura380_integral_ev.png used on
 input line 26.
(pdftex.def)             Requested size: 700.61578pt x 472.76509pt.

<../grafici/risultati/misura380_integral_vmax.png, id=298, 700.6175pt x 472.766
25pt>
File: ../grafici/risultati/misura380_integral_vmax.png Graphic file (type png)
 <use ../grafici/risultati/misura380_integral_vmax.png>
Package pdftex.def Info: ../grafici/risultati/misura380_integral_vmax.png used 
on input line 35.
(pdftex.def)             Requested size: 700.61578pt x 472.76509pt.

<../grafici/risultati/misura380_vmax.png, id=299, 700.6175pt x 472.76625pt>
File: ../grafici/risultati/misura380_vmax.png Graphic file (type png)

<use ../grafici/risultati/misura380_vmax.png>
Package pdftex.def Info: ../grafici/risultati/misura380_vmax.png used on input 
line 44.
(pdftex.def)             Requested size: 700.61578pt x 472.76509pt.

<../grafici/risultati/misura380_vmax_ev.png, id=300, 700.6175pt x 472.76625pt>
File: ../grafici/risultati/misura380_vmax_ev.png Graphic file (type png)

<use ../grafici/risultati/misura380_vmax_ev.png>
Package pdftex.def Info: ../grafici/risultati/misura380_vmax_ev.png used on inp
ut line 53.
(pdftex.def)             Requested size: 700.61578pt x 472.76509pt.
 [30

] [31 <../grafici/risultati/misura380.png> <../grafici/risultati/misura380_inte
gral.png>] [32 <../grafici/risultati/misura380_integral_ev.png> <../grafici/ris
ultati/misura380_integral_vmax.png>] [33 <../grafici/risultati/misura380_vmax.p
ng> <../grafici/risultati/misura380_vmax_ev.png>])
(./sezioni/parti_esperimento/parte_2/curve_pressione.tex
<../grafici/risultati/picchi_integral1.pdf, id=325, 569.12625pt x 384.43625pt>
File: ../grafici/risultati/picchi_integral1.pdf Graphic file (type pdf)

<use ../grafici/risultati/picchi_integral1.pdf>
Package pdftex.def Info: ../grafici/risultati/picchi_integral1.pdf used on inpu
t line 8.
(pdftex.def)             Requested size: 569.12486pt x 384.4353pt.

<../grafici/risultati/picchi_integral2.pdf, id=326, 569.12625pt x 384.43625pt>
File: ../grafici/risultati/picchi_integral2.pdf Graphic file (type pdf)

<use ../grafici/risultati/picchi_integral2.pdf>
Package pdftex.def Info: ../grafici/risultati/picchi_integral2.pdf used on inpu
t line 17.
(pdftex.def)             Requested size: 569.12486pt x 384.4353pt.

<../grafici/risultati/picchi_integral3.pdf, id=327, 569.12625pt x 384.43625pt>
File: ../grafici/risultati/picchi_integral3.pdf Graphic file (type pdf)

<use ../grafici/risultati/picchi_integral3.pdf>
Package pdftex.def Info: ../grafici/risultati/picchi_integral3.pdf used on inpu
t line 26.
(pdftex.def)             Requested size: 569.12486pt x 384.4353pt.

<../grafici/risultati/picchi_vmax.png, id=328, 700.6175pt x 472.76625pt>
File: ../grafici/risultati/picchi_vmax.png Graphic file (type png)

<use ../grafici/risultati/picchi_vmax.png>
Package pdftex.def Info: ../grafici/risultati/picchi_vmax.png used on input lin
e 35.
(pdftex.def)             Requested size: 700.61578pt x 472.76509pt.
 [34

] [35 <../grafici/risultati/picchi_integral1.pdf, page is rotated 90 degrees> <
../grafici/risultati/picchi_integral2.pdf, page is rotated 90 degrees>] [36 <..
/grafici/risultati/picchi_integral3.pdf, page is rotated 90 degrees> <../grafic
i/risultati/picchi_vmax.png>])))
(./sezioni/pres_dati_tabelle.tex) (./sezioni/conclusioni.tex) [37

]
(./sezioni/codice.tex
(/usr/share/texlive/texmf-dist/tex/latex/listings/lstlang1.sty
File: lstlang1.sty 2013/08/26 1.5b listings language file
)
(/usr/share/texlive/texmf-dist/tex/latex/listings/lstlang1.sty
File: lstlang1.sty 2013/08/26 1.5b listings language file
)
(/usr/share/texlive/texmf-dist/tex/latex/listings/lstmisc.sty
File: lstmisc.sty 2013/08/26 1.5b (Carsten Heinz)
)
LaTeX Font Info:    Font shape `T1/AnonymousPro/m/n' will be
(Font)              scaled to size 8.81996pt on input line 6.

(../src/AnaBraggWidth.C
LaTeX Font Info:    Font shape `T1/AnonymousPro/b/n' will be
(Font)              scaled to size 8.81996pt on input line 1.
LaTeX Font Info:    Font shape `T1/AnonymousPro/m/it' will be
(Font)              scaled to size 8.81996pt on input line 43.
 [38] [39]) (../src/PlotSignals.C [40] [41]))
Package atveryend Info: Empty hook `BeforeClearDocument' on input line 100.
 [42]
Package atveryend Info: Empty hook `AfterLastShipout' on input line 100.

(./relazione_spettroscopia_bragg.aux)
Package atveryend Info: Executing hook `AtVeryEndDocument' on input line 100.
Package atveryend Info: Executing hook `AtEndAfterFileList' on input line 100.
Package rerunfilecheck Info: File `relazione_spettroscopia_bragg.out' has not c
hanged.
(rerunfilecheck)             Checksum: A63FDF901BDABE8DB7AF1EE282CC2E1F;958.
 ) 
Here is how much of TeX's memory you used:
 25660 strings out of 493304
 443362 string characters out of 6139872
 737480 words of memory out of 5000000
 28028 multiletter control sequences out of 15000+600000
 165492 words of font info for 121 fonts, out of 8000000 for 9000
 957 hyphenation exceptions out of 8191
 65i,12n,100p,885b,2131s stack positions out of 5000i,500n,10000p,200000b,80000s
{/usr/share/texlive/texmf-dist/fonts/enc/dvips/anonymouspro/AnonymousPro-03.e
nc}{/usr/share/texlive/texmf-dist/fonts/enc/dvips/anonymouspro/AnonymousPro-01.
enc}{/usr/share/texmf/fonts/enc/dvips/tex-gyre/q-rm.enc}{/usr/share/texlive/tex
mf-dist/fonts/enc/dvips/alegreya/algrs_rus6f4.enc}{/usr/share/texmf/fonts/enc/d
vips/tex-gyre/q-ec.enc}{/usr/share/texmf/fonts/enc/dvips/tex-gyre/q-ec-sc.enc}<
/usr/share/texlive/texmf-dist/fonts/type1/huerta/alegreya/AlegreyaSans-Bold.pfb
></usr/share/texlive/texmf-dist/fonts/type1/huerta/alegreya/AlegreyaSansSC-Bold
.pfb></usr/share/texlive/texmf-dist/fonts/type1/public/anonymouspro/AnonymousPr
o-Bold.pfb></usr/share/texlive/texmf-dist/fonts/type1/public/anonymouspro/Anony
mousPro-Italic.pfb></usr/share/texlive/texmf-dist/fonts/type1/public/anonymousp
ro/AnonymousPro-Regular.pfb></usr/share/texlive/texmf-dist/fonts/type1/public/a
msfonts/cm/cmsy10.pfb></usr/share/texlive/texmf-dist/fonts/type1/public/amsfont
s/euler/eufm10.pfb></usr/share/texlive/texmf-dist/fonts/type1/public/amsfonts/e
uler/eurm10.pfb></usr/share/texlive/texmf-dist/fonts/type1/public/amsfonts/eule
r/eurm7.pfb></usr/share/texmf/fonts/type1/public/tex-gyre/qplb.pfb></usr/share/
texmf/fonts/type1/public/tex-gyre/qplr.pfb></usr/share/texmf/fonts/type1/public
/tex-gyre/qplri.pfb>
Output written on relazione_spettroscopia_bragg.pdf (42 pages, 640858 bytes).
PDF statistics:
 828 PDF objects out of 1000 (max. 8388607)
 641 compressed objects within 7 object streams
 312 named destinations out of 1000 (max. 500000)
 31610 words of extra memory for PDF output out of 35830 (max. 10000000)

